TN:
SF:/Library/Developer/CommandLineTools/SDKs/MacOSX.sdk/usr/include/c++/v1/__algorithm/comp.h
FNL:0,40,41
FNA:0,20,_ZNKSt3__16__lessIvvEclB8ne200100IiiEEbRKT_RKT0_
FNA:0,6,_ZNKSt3__16__lessIvvEclB8ne200100IjjEEbRKT_RKT0_
FNA:0,35,_ZNKSt3__16__lessIvvEclB8ne200100ImmEEbRKT_RKT0_
FNF:1
FNH:1
DA:40,61
DA:41,61
LF:2
LH:2
end_of_record
TN:
SF:/Library/Developer/CommandLineTools/SDKs/MacOSX.sdk/usr/include/c++/v1/__algorithm/copy.h
FNL:0,101,102
FNA:0,0,_ZNKSt3__111__copy_implclB8ne200100IPN6google8protobuf8internal11SerialArena11CachedBlockES7_Li0EEENS_4pairIPT_PT0_EESA_SA_SC_
FNL:1,108,109
FNA:1,0,_ZNSt3__16__copyB8ne200100IPPN6google8protobuf8internal11SerialArena11CachedBlockES7_S7_EENS_4pairIT_T1_EES9_T0_SA_
FNL:2,114,115
FNA:2,0,_ZNSt3__14copyB8ne200100IPPN6google8protobuf8internal11SerialArena11CachedBlockES7_EET0_T_S9_S8_
FNF:3
FNH:0
DA:101,0
DA:102,0
DA:108,0
DA:109,0
DA:114,0
DA:115,0
LF:6
LH:0
end_of_record
TN:
SF:/Library/Developer/CommandLineTools/SDKs/MacOSX.sdk/usr/include/c++/v1/__algorithm/copy_move_common.h
FNL:0,61,67
FNA:0,0,_ZNSt3__119__copy_trivial_implB8ne200100IPN6google8protobuf8internal11SerialArena11CachedBlockES6_EENS_4pairIPT_PT0_EES9_S9_SB_
FNL:1,92,97
FNA:1,0,_ZNSt3__124__copy_move_unwrap_itersB8ne200100INS_11__copy_implEPPN6google8protobuf8internal11SerialArena11CachedBlockES8_S8_Li0EEENS_4pairIT0_T2_EESA_T1_SB_
FNF:2
FNH:0
DA:61,0
DA:62,0
DA:64,0
DA:66,0
DA:67,0
DA:92,0
DA:93,0
DA:94,0
DA:95,0
DA:96,0
DA:97,0
LF:11
LH:0
end_of_record
TN:
SF:/Library/Developer/CommandLineTools/SDKs/MacOSX.sdk/usr/include/c++/v1/__algorithm/fill.h
FNL:0,33,35
FNA:0,0,_ZNSt3__16__fillB8ne200100IPPN6google8protobuf8internal11SerialArena11CachedBlockEDnEEvT_S8_RKT0_NS_26random_access_iterator_tagE
FNL:1,39,41
FNA:1,0,_ZNSt3__14fillB8ne200100IPPN6google8protobuf8internal11SerialArena11CachedBlockEDnEEvT_S8_RKT0_
FNF:2
FNH:0
DA:33,0
DA:34,0
DA:35,0
DA:39,0
DA:40,0
DA:41,0
LF:6
LH:0
end_of_record
TN:
SF:/Library/Developer/CommandLineTools/SDKs/MacOSX.sdk/usr/include/c++/v1/__algorithm/fill_n.h
FNL:0,81,84
FNA:0,0,_ZNSt3__18__fill_nB8ne200100IPPN6google8protobuf8internal11SerialArena11CachedBlockElDnEET_S8_T0_RKT1_
FNL:1,89,90
FNA:1,0,_ZNSt3__16fill_nB8ne200100IPPN6google8protobuf8internal11SerialArena11CachedBlockElDnEET_S8_T0_RKT1_
FNF:2
FNH:0
DA:81,0
DA:82,0
DA:83,0
DA:84,0
DA:89,0
DA:90,0
LF:6
LH:0
end_of_record
TN:
SF:/Library/Developer/CommandLineTools/SDKs/MacOSX.sdk/usr/include/c++/v1/__algorithm/iter_swap.h
FNL:0,23,27
FNA:0,0,_ZNSt3__19iter_swapB8ne200100IPPKvS3_EEvT_T0_
FNA:0,440,_ZNSt3__19iter_swapB8ne200100IPcS1_EEvT_T0_
FNF:1
FNH:1
DA:23,440
DA:26,440
DA:27,440
LF:3
LH:3
end_of_record
TN:
SF:/Library/Developer/CommandLineTools/SDKs/MacOSX.sdk/usr/include/c++/v1/__algorithm/iterator_operations.h
FNL:0,103,109
FNA:0,0,_ZNSt3__18_IterOpsINS_17_ClassicAlgPolicyEE25__validate_iter_referenceB8ne200100IRPPKvEEvv
FNL:1,117,120
FNA:1,0,_ZNSt3__18_IterOpsINS_17_ClassicAlgPolicyEE11__iter_moveB8ne200100IRPPKvLi0EEEDTclsr3stdE4movedeclsr3stdE7declvalIRT_EEEEOS8_
FNL:2,137,139
FNA:2,0,_ZNSt3__18_IterOpsINS_17_ClassicAlgPolicyEE9iter_swapB8ne200100IPPKvS6_EEvOT_OT0_
FNA:2,0,_ZNSt3__18_IterOpsINS_17_ClassicAlgPolicyEE9iter_swapB8ne200100IRPPKvS6_EEvOT_OT0_
FNA:2,0,_ZNSt3__18_IterOpsINS_17_ClassicAlgPolicyEE9iter_swapB8ne200100IRPPKvS7_EEvOT_OT0_
FNA:2,440,_ZNSt3__18_IterOpsINS_17_ClassicAlgPolicyEE9iter_swapB8ne200100IRPcS5_EEvOT_OT0_
FNL:3,143,144
FNA:3,0,_ZNSt3__18_IterOpsINS_17_ClassicAlgPolicyEE4nextB8ne200100IPPKvEET_S7_S7_
FNF:4
FNH:1
DA:103,0
DA:109,0
DA:117,0
DA:118,0
DA:120,0
DA:137,440
DA:138,440
DA:139,440
DA:143,0
DA:144,0
LF:10
LH:3
end_of_record
TN:
SF:/Library/Developer/CommandLineTools/SDKs/MacOSX.sdk/usr/include/c++/v1/__algorithm/make_heap.h
FNL:0,31,42
FNA:0,0,_ZNSt3__111__make_heapB8ne200100INS_17_ClassicAlgPolicyERN6google8protobuf8internal20MapSorterPtrLessThanINS_12basic_stringIcNS_11char_traitsIcEENS_9allocatorIcEEEEEEPPKvEEvT1_SH_OT0_
FNF:1
FNH:0
DA:31,0
DA:32,0
DA:35,0
DA:36,0
DA:38,0
DA:39,0
DA:40,0
DA:41,0
DA:42,0
LF:9
LH:0
end_of_record
TN:
SF:/Library/Developer/CommandLineTools/SDKs/MacOSX.sdk/usr/include/c++/v1/__algorithm/max.h
FNL:0,29,30
FNA:0,20,_ZNSt3__13maxB8ne200100IiNS_6__lessIvvEEEERKT_S5_S5_T0_
FNA:0,0,_ZNSt3__13maxB8ne200100IjNS_6__lessIvvEEEERKT_S5_S5_T0_
FNA:0,0,_ZNSt3__13maxB8ne200100ImNS_6__lessIvvEEEERKT_S5_S5_T0_
FNL:1,35,36
FNA:1,20,_ZNSt3__13maxB8ne200100IiEERKT_S3_S3_
FNA:1,0,_ZNSt3__13maxB8ne200100IjEERKT_S3_S3_
FNA:1,0,_ZNSt3__13maxB8ne200100ImEERKT_S3_S3_
FNF:2
FNH:2
DA:29,20
DA:30,20
DA:35,20
DA:36,20
LF:4
LH:4
end_of_record
TN:
SF:/Library/Developer/CommandLineTools/SDKs/MacOSX.sdk/usr/include/c++/v1/__algorithm/min.h
FNL:0,29,30
FNA:0,6,_ZNSt3__13minB8ne200100IjNS_6__lessIvvEEEERKT_S5_S5_T0_
FNA:0,35,_ZNSt3__13minB8ne200100ImNS_6__lessIvvEEEERKT_S5_S5_T0_
FNL:1,35,36
FNA:1,6,_ZNSt3__13minB8ne200100IjEERKT_S3_S3_
FNA:1,35,_ZNSt3__13minB8ne200100ImEERKT_S3_S3_
FNF:2
FNH:2
DA:29,41
DA:30,41
DA:35,41
DA:36,41
LF:4
LH:4
end_of_record
TN:
SF:/Library/Developer/CommandLineTools/SDKs/MacOSX.sdk/usr/include/c++/v1/__algorithm/partial_sort.h
FNL:0,35,54
FNA:0,0,_ZNSt3__119__partial_sort_implB8ne200100INS_17_ClassicAlgPolicyERN6google8protobuf8internal20MapSorterPtrLessThanINS_12basic_stringIcNS_11char_traitsIcEENS_9allocatorIcEEEEEEPPKvSG_EET1_SH_SH_T2_OT0_
FNL:1,58,70
FNA:1,0,_ZNSt3__114__partial_sortB8ne200100INS_17_ClassicAlgPolicyERN6google8protobuf8internal20MapSorterPtrLessThanINS_12basic_stringIcNS_11char_traitsIcEENS_9allocatorIcEEEEEEPPKvSG_EET1_SH_SH_T2_RT0_
FNF:2
FNH:0
DA:35,0
DA:37,0
DA:38,0
DA:41,0
DA:43,0
DA:44,0
DA:45,0
DA:46,0
DA:47,0
DA:48,0
DA:49,0
DA:50,0
DA:51,0
DA:53,0
DA:54,0
DA:58,0
DA:59,0
DA:60,0
DA:62,0
DA:64,0
DA:65,0
DA:67,0
DA:69,0
DA:70,0
LF:24
LH:0
end_of_record
TN:
SF:/Library/Developer/CommandLineTools/SDKs/MacOSX.sdk/usr/include/c++/v1/__algorithm/pop_heap.h
FNL:0,35,59
FNA:0,0,_ZNSt3__110__pop_heapB8ne200100INS_17_ClassicAlgPolicyEN6google8protobuf8internal20MapSorterPtrLessThanINS_12basic_stringIcNS_11char_traitsIcEENS_9allocatorIcEEEEEEPPKvEEvT1_SG_RT0_NS_15iterator_traitsISG_E15difference_typeE
FNF:1
FNH:0
DA:35,0
DA:42,0
DA:45,0
DA:46,0
DA:47,0
DA:48,0
DA:50,0
DA:51,0
DA:52,0
DA:53,0
DA:54,0
DA:55,0
DA:56,0
DA:58,0
DA:59,0
LF:15
LH:0
end_of_record
TN:
SF:/Library/Developer/CommandLineTools/SDKs/MacOSX.sdk/usr/include/c++/v1/__algorithm/push_heap.h
FNL:0,32,56
FNA:0,0,_ZNSt3__19__sift_upB8ne200100INS_17_ClassicAlgPolicyERN6google8protobuf8internal20MapSorterPtrLessThanINS_12basic_stringIcNS_11char_traitsIcEENS_9allocatorIcEEEEEEPPKvEEvT1_SH_OT0_NS_15iterator_traitsISH_E15difference_typeE
FNF:1
FNH:0
DA:32,0
DA:38,0
DA:39,0
DA:40,0
DA:42,0
DA:43,0
DA:44,0
DA:45,0
DA:46,0
DA:47,0
DA:48,0
DA:49,0
DA:50,0
DA:51,0
DA:53,0
DA:54,0
DA:55,0
DA:56,0
LF:18
LH:0
end_of_record
TN:
SF:/Library/Developer/CommandLineTools/SDKs/MacOSX.sdk/usr/include/c++/v1/__algorithm/sift_down.h
FNL:0,29,80
FNA:0,0,_ZNSt3__111__sift_downB8ne200100INS_17_ClassicAlgPolicyERN6google8protobuf8internal20MapSorterPtrLessThanINS_12basic_stringIcNS_11char_traitsIcEENS_9allocatorIcEEEEEEPPKvEEvT1_OT0_NS_15iterator_traitsISH_E15difference_typeESH_
FNL:1,83,112
FNA:1,0,_ZNSt3__117__floyd_sift_downB8ne200100INS_17_ClassicAlgPolicyERN6google8protobuf8internal20MapSorterPtrLessThanINS_12basic_stringIcNS_11char_traitsIcEENS_9allocatorIcEEEEEEPPKvEET1_SH_OT0_NS_15iterator_traitsISH_E15difference_typeE
FNF:2
FNH:0
DA:29,0
DA:39,0
DA:41,0
DA:42,0
DA:44,0
DA:45,0
DA:47,0
DA:49,0
DA:50,0
DA:51,0
DA:54,0
DA:56,0
DA:58,0
DA:59,0
DA:61,0
DA:62,0
DA:64,0
DA:65,0
DA:68,0
DA:69,0
DA:71,0
DA:73,0
DA:74,0
DA:75,0
DA:78,0
DA:79,0
DA:80,0
DA:83,0
DA:90,0
DA:91,0
DA:92,0
DA:94,0
DA:95,0
DA:96,0
DA:98,0
DA:100,0
DA:101,0
DA:102,0
DA:105,0
DA:106,0
DA:109,0
DA:110,0
DA:112,0
LF:43
LH:0
end_of_record
TN:
SF:/Library/Developer/CommandLineTools/SDKs/MacOSX.sdk/usr/include/c++/v1/__algorithm/sort.h
FNL:0,112,135
FNA:0,0,_ZNSt3__17__sort3B8ne200100INS_17_ClassicAlgPolicyERN6google8protobuf8internal20MapSorterPtrLessThanINS_12basic_stringIcNS_11char_traitsIcEENS_9allocatorIcEEEEEEPPKvLi0EEEbT1_SH_SH_T0_
FNL:1,161,177
FNA:1,0,_ZNSt3__17__sort4B8ne200100INS_17_ClassicAlgPolicyERN6google8protobuf8internal20MapSorterPtrLessThanINS_12basic_stringIcNS_11char_traitsIcEENS_9allocatorIcEEEEEEPPKvLi0EEEvT1_SH_SH_SH_T0_
FNL:2,205,226
FNA:2,0,_ZNSt3__17__sort5B8ne200100INS_17_ClassicAlgPolicyERN6google8protobuf8internal20MapSorterPtrLessThanINS_12basic_stringIcNS_11char_traitsIcEENS_9allocatorIcEEEEEEPPKvLi0EEEvT1_SH_SH_SH_SH_T0_
FNL:3,244,265
FNA:3,0,_ZNSt3__116__insertion_sortB8ne200100INS_17_ClassicAlgPolicyERN6google8protobuf8internal20MapSorterPtrLessThanINS_12basic_stringIcNS_11char_traitsIcEENS_9allocatorIcEEEEEEPPKvEEvT1_SH_T0_
FNL:4,274,298
FNA:4,0,_ZNSt3__126__insertion_sort_unguardedB8ne200100INS_17_ClassicAlgPolicyERN6google8protobuf8internal20MapSorterPtrLessThanINS_12basic_stringIcNS_11char_traitsIcEENS_9allocatorIcEEEEEEPPKvEEvT1_SH_T0_
FNL:5,302,352
FNA:5,0,_ZNSt3__127__insertion_sort_incompleteB8ne200100INS_17_ClassicAlgPolicyERN6google8protobuf8internal20MapSorterPtrLessThanINS_12basic_stringIcNS_11char_traitsIcEENS_9allocatorIcEEEEEEPPKvEEbT1_SH_T0_
FNL:6,355,368
FNA:6,0,_ZNSt3__117__swap_bitmap_posB8ne200100INS_17_ClassicAlgPolicyEPPKvEEvT0_S5_RyS6_
FNL:7,374,384
FNA:7,0,_ZNSt3__122__populate_left_bitsetB8ne200100IRN6google8protobuf8internal20MapSorterPtrLessThanINS_12basic_stringIcNS_11char_traitsIcEENS_9allocatorIcEEEEEEPPKvSE_EEvT0_T_RT1_Ry
FNL:8,390,400
FNA:8,0,_ZNSt3__123__populate_right_bitsetB8ne200100IRN6google8protobuf8internal20MapSorterPtrLessThanINS_12basic_stringIcNS_11char_traitsIcEENS_9allocatorIcEEEEEEPPKvSE_EEvT0_T_RT1_Ry
FNL:9,406,450
FNA:9,0,_ZNSt3__133__bitset_partition_partial_blocksB8ne200100INS_17_ClassicAlgPolicyERN6google8protobuf8internal20MapSorterPtrLessThanINS_12basic_stringIcNS_11char_traitsIcEENS_9allocatorIcEEEEEEPPKvSF_EEvRT1_SI_T0_RT2_RySM_
FNL:10,453,483
FNA:10,0,_ZNSt3__124__swap_bitmap_pos_withinB8ne200100INS_17_ClassicAlgPolicyEPPKvEEvRT0_S6_RyS7_
FNL:11,495,578
FNA:11,0,_ZNSt3__118__bitset_partitionB8ne200100INS_17_ClassicAlgPolicyEPPKvRN6google8protobuf8internal20MapSorterPtrLessThanINS_12basic_stringIcNS_11char_traitsIcEENS_9allocatorIcEEEEEEEENS_4pairIT0_bEESI_SI_T1_
FNL:12,587,649
FNA:12,0,_ZNSt3__132__partition_with_equals_on_rightB8ne200100INS_17_ClassicAlgPolicyEPPKvRN6google8protobuf8internal20MapSorterPtrLessThanINS_12basic_stringIcNS_11char_traitsIcEENS_9allocatorIcEEEEEEEENS_4pairIT0_bEESI_SI_T1_
FNL:13,655,707
FNA:13,0,_ZNSt3__131__partition_with_equals_on_leftB8ne200100INS_17_ClassicAlgPolicyEPPKvRN6google8protobuf8internal20MapSorterPtrLessThanINS_12basic_stringIcNS_11char_traitsIcEENS_9allocatorIcEEEEEEEET0_SH_SH_T1_
FNL:14,717,829
FNA:14,0,_ZNSt3__111__introsortINS_17_ClassicAlgPolicyERN6google8protobuf8internal20MapSorterPtrLessThanINS_12basic_stringIcNS_11char_traitsIcEENS_9allocatorIcEEEEEEPPKvLb0EEEvT1_SH_T0_NS_15iterator_traitsISH_E15difference_typeEb
FNL:15,832,848
FNA:15,0,_ZNSt3__17__log2iB8ne200100IlEET_S1_
FNL:16,881,890
FNA:16,0,_ZNSt3__115__sort_dispatchB8ne200100INS_17_ClassicAlgPolicyEPPKvN6google8protobuf8internal20MapSorterPtrLessThanINS_12basic_stringIcNS_11char_traitsIcEENS_9allocatorIcEEEEEEEEvT0_SG_RT1_
FNL:17,946,956
FNA:17,0,_ZNSt3__111__sort_implB8ne200100INS_17_ClassicAlgPolicyEPPKvN6google8protobuf8internal20MapSorterPtrLessThanINS_12basic_stringIcNS_11char_traitsIcEENS_9allocatorIcEEEEEEEEvT0_SG_RT1_
FNL:18,960,962
FNA:18,0,_ZNSt3__14sortB8ne200100IPPKvN6google8protobuf8internal20MapSorterPtrLessThanINS_12basic_stringIcNS_11char_traitsIcEENS_9allocatorIcEEEEEEEEvT_SF_T0_
FNF:19
FNH:0
DA:112,0
DA:115,0
DA:117,0
DA:118,0
DA:120,0
DA:121,0
DA:122,0
DA:123,0
DA:125,0
DA:127,0
DA:128,0
DA:130,0
DA:132,0
DA:133,0
DA:134,0
DA:135,0
DA:161,0
DA:167,0
DA:168,0
DA:169,0
DA:170,0
DA:171,0
DA:172,0
DA:173,0
DA:174,0
DA:175,0
DA:176,0
DA:177,0
DA:205,0
DA:213,0
DA:214,0
DA:215,0
DA:216,0
DA:217,0
DA:218,0
DA:219,0
DA:220,0
DA:221,0
DA:222,0
DA:223,0
DA:224,0
DA:225,0
DA:226,0
DA:244,0
DA:248,0
DA:249,0
DA:250,0
DA:251,0
DA:252,0
DA:253,0
DA:254,0
DA:255,0
DA:256,0
DA:257,0
DA:258,0
DA:259,0
DA:260,0
DA:261,0
DA:262,0
DA:263,0
DA:264,0
DA:265,0
DA:274,0
DA:278,0
DA:279,0
DA:280,0
DA:282,0
DA:283,0
DA:284,0
DA:285,0
DA:286,0
DA:287,0
DA:288,0
DA:289,0
DA:290,0
DA:294,0
DA:295,0
DA:296,0
DA:297,0
DA:298,0
DA:302,0
DA:306,0
DA:309,0
DA:311,0
DA:312,0
DA:313,0
DA:315,0
DA:316,0
DA:318,0
DA:319,0
DA:320,0
DA:322,0
DA:323,0
DA:324,0
DA:325,0
DA:326,0
DA:327,0
DA:328,0
DA:329,0
DA:332,0
DA:333,0
DA:334,0
DA:335,0
DA:336,0
DA:337,0
DA:338,0
DA:339,0
DA:340,0
DA:341,0
DA:342,0
DA:343,0
DA:344,0
DA:345,0
DA:346,0
DA:347,0
DA:348,0
DA:349,0
DA:350,0
DA:351,0
DA:352,0
DA:355,0
DA:361,0
DA:362,0
DA:363,0
DA:364,0
DA:365,0
DA:366,0
DA:367,0
DA:368,0
DA:374,0
DA:377,0
DA:378,0
DA:379,0
DA:380,0
DA:381,0
DA:382,0
DA:383,0
DA:384,0
DA:390,0
DA:393,0
DA:394,0
DA:395,0
DA:396,0
DA:397,0
DA:398,0
DA:399,0
DA:400,0
DA:406,0
DA:414,0
DA:415,0
DA:416,0
DA:417,0
DA:418,0
DA:419,0
DA:420,0
DA:422,0
DA:423,0
DA:424,0
DA:425,0
DA:426,0
DA:429,0
DA:430,0
DA:431,0
DA:432,0
DA:433,0
DA:434,0
DA:435,0
DA:436,0
DA:439,0
DA:440,0
DA:441,0
DA:442,0
DA:443,0
DA:444,0
DA:445,0
DA:446,0
DA:447,0
DA:448,0
DA:449,0
DA:450,0
DA:453,0
DA:457,0
DA:460,0
DA:461,0
DA:462,0
DA:463,0
DA:464,0
DA:465,0
DA:466,0
DA:467,0
DA:468,0
DA:469,0
DA:470,0
DA:473,0
DA:474,0
DA:475,0
DA:476,0
DA:477,0
DA:478,0
DA:479,0
DA:480,0
DA:481,0
DA:482,0
DA:483,0
DA:495,0
DA:500,0
DA:501,0
DA:504,0
DA:506,0
DA:508,0
DA:509,0
DA:513,0
DA:514,0
DA:515,0
DA:519,0
DA:522,0
DA:526,0
DA:527,0
DA:528,0
DA:533,0
DA:534,0
DA:535,0
DA:536,0
DA:537,0
DA:541,0
DA:542,0
DA:543,0
DA:546,0
DA:549,0
DA:550,0
DA:553,0
DA:554,0
DA:557,0
DA:560,0
DA:561,0
DA:565,0
DA:566,0
DA:569,0
DA:572,0
DA:573,0
DA:574,0
DA:575,0
DA:576,0
DA:577,0
DA:578,0
DA:587,0
DA:592,0
DA:593,0
DA:595,0
DA:599,0
DA:600,0
DA:604,0
DA:607,0
DA:608,0
DA:610,0
DA:612,0
DA:616,0
DA:617,0
DA:623,0
DA:627,0
DA:628,0
DA:629,0
DA:630,0
DA:634,0
DA:635,0
DA:639,0
DA:640,0
DA:643,0
DA:644,0
DA:645,0
DA:646,0
DA:647,0
DA:648,0
DA:649,0
DA:655,0
DA:659,0
DA:660,0
DA:662,0
DA:663,0
DA:665,0
DA:666,0
DA:670,0
DA:671,0
DA:672,0
DA:676,0
DA:679,0
DA:683,0
DA:684,0
DA:685,0
DA:686,0
DA:687,0
DA:688,0
DA:689,0
DA:693,0
DA:694,0
DA:698,0
DA:699,0
DA:701,0
DA:702,0
DA:703,0
DA:704,0
DA:705,0
DA:706,0
DA:707,0
DA:717,0
DA:726,0
DA:728,0
DA:729,0
DA:730,0
DA:731,0
DA:734,0
DA:736,0
DA:737,0
DA:738,0
DA:740,0
DA:741,0
DA:743,0
DA:744,0
DA:745,0
DA:747,0
DA:748,0
DA:749,0
DA:750,0
DA:751,0
DA:752,0
DA:753,0
DA:754,0
DA:757,0
DA:758,0
DA:759,0
DA:760,0
DA:761,0
DA:763,0
DA:765,0
DA:767,0
DA:768,0
DA:770,0
DA:772,0
DA:775,0
DA:776,0
DA:777,0
DA:778,0
DA:779,0
DA:780,0
DA:781,0
DA:782,0
DA:783,0
DA:784,0
DA:785,0
DA:787,0
DA:796,0
DA:797,0
DA:798,0
DA:799,0
DA:802,0
DA:803,0
DA:804,0
DA:805,0
DA:806,0
DA:809,0
DA:810,0
DA:811,0
DA:812,0
DA:813,0
DA:814,0
DA:815,0
DA:817,0
DA:818,0
DA:819,0
DA:822,0
DA:824,0
DA:825,0
DA:826,0
DA:827,0
DA:828,0
DA:829,0
DA:832,0
DA:833,0
DA:834,0
DA:838,0
DA:848,0
DA:881,0
DA:883,0
DA:888,0
DA:889,0
DA:890,0
DA:946,0
DA:947,0
DA:953,0
DA:955,0
DA:956,0
DA:960,0
DA:961,0
DA:962,0
LF:394
LH:0
end_of_record
TN:
SF:/Library/Developer/CommandLineTools/SDKs/MacOSX.sdk/usr/include/c++/v1/__algorithm/sort_heap.h
FNL:0,34,42
FNA:0,0,_ZNSt3__111__sort_heapB8ne200100INS_17_ClassicAlgPolicyERN6google8protobuf8internal20MapSorterPtrLessThanINS_12basic_stringIcNS_11char_traitsIcEENS_9allocatorIcEEEEEEPPKvEEvT1_SH_OT0_
FNF:1
FNH:0
DA:34,0
DA:35,0
DA:36,0
DA:39,0
DA:40,0
DA:41,0
DA:42,0
LF:7
LH:0
end_of_record
TN:
SF:/Library/Developer/CommandLineTools/SDKs/MacOSX.sdk/usr/include/c++/v1/__algorithm/swap_ranges.h
FNL:0,42,49
FNA:0,55,_ZNSt3__113__swap_rangesB8ne200100INS_17_ClassicAlgPolicyEPcS2_S2_EENS_4pairIT0_T2_EES4_T1_S5_
FNL:1,54,55
FNA:1,55,_ZNSt3__111swap_rangesB8ne200100IPcS1_EET0_T_S3_S2_
FNF:2
FNH:2
DA:42,55
DA:43,495
DA:44,440
DA:45,440
DA:46,440
DA:49,55
DA:54,55
DA:55,55
LF:8
LH:8
end_of_record
TN:
SF:/Library/Developer/CommandLineTools/SDKs/MacOSX.sdk/usr/include/c++/v1/__algorithm/unwrap_iter.h
FNL:0,51,52
FNA:0,0,_ZNSt3__118__unwrap_iter_implIPPN6google8protobuf8internal11SerialArena11CachedBlockELb1EE8__rewrapB8ne200100ES7_S7_
FNL:1,55,56
FNA:1,0,_ZNSt3__118__unwrap_iter_implIPPKvLb1EE8__unwrapB8ne200100ES3_
FNA:1,0,_ZNSt3__118__unwrap_iter_implIPPN6google8protobuf8internal11SerialArena11CachedBlockELb1EE8__unwrapB8ne200100ES7_
FNL:2,64,65
FNA:2,0,_ZNSt3__113__unwrap_iterB8ne200100IPPKvNS_18__unwrap_iter_implIS3_Lb1EEELi0EEEDTclsrT0_8__unwrapclsr3stdE7declvalIT_EEEES7_
FNA:2,0,_ZNSt3__113__unwrap_iterB8ne200100IPPN6google8protobuf8internal11SerialArena11CachedBlockENS_18__unwrap_iter_implIS7_Lb1EEELi0EEEDTclsrT0_8__unwrapclsr3stdE7declvalIT_EEEESB_
FNL:3,77,78
FNA:3,0,_ZNSt3__113__rewrap_iterB8ne200100IPPN6google8protobuf8internal11SerialArena11CachedBlockES7_NS_18__unwrap_iter_implIS7_Lb1EEEEET_SA_T0_
FNF:4
FNH:0
DA:51,0
DA:52,0
DA:55,0
DA:56,0
DA:64,0
DA:65,0
DA:77,0
DA:78,0
LF:8
LH:0
end_of_record
TN:
SF:/Library/Developer/CommandLineTools/SDKs/MacOSX.sdk/usr/include/c++/v1/__algorithm/unwrap_range.h
FNL:0,85,86
FNA:0,0,_ZNSt3__114__unwrap_rangeB8ne200100IPPN6google8protobuf8internal11SerialArena11CachedBlockES7_EENS_4pairIT0_S9_EET_SB_
FNL:1,90,91
FNA:1,0,_ZNSt3__114__rewrap_rangeB8ne200100IPPN6google8protobuf8internal11SerialArena11CachedBlockES7_EET_S8_T0_
FNF:2
FNH:0
DA:85,0
DA:86,0
DA:90,0
DA:91,0
LF:4
LH:0
end_of_record
TN:
SF:/Library/Developer/CommandLineTools/SDKs/MacOSX.sdk/usr/include/c++/v1/__atomic/atomic.h
FNL:0,137,137
FNA:0,175,_ZNSt3__113__atomic_baseIPKvLb0EEC2B8ne200100ES2_
FNL:1,161,162
FNA:1,100,_ZNSt3__113__atomic_baseIiLb1EE9fetch_subB8ne200100EiNS_12memory_orderE
FNL:2,266,266
FNA:2,175,_ZNSt3__16atomicIPKvEC1B8ne200100ES2_
FNA:2,175,_ZNSt3__16atomicIPKvEC2B8ne200100ES2_
FNL:3,57,60
FNA:3,0,_ZNSt3__113__atomic_baseIN6google8protobuf8internal12MapFieldBase5StateELb0EE5storeB8ne200100ES5_NS_12memory_orderE
FNL:4,65,67
FNA:4,10,_ZNKSt3__113__atomic_baseIPKvLb0EE4loadB8ne200100ENS_12memory_orderE
FNF:5
FNH:4
DA:57,0
DA:59,0
DA:60,0
DA:65,10
DA:67,10
DA:137,175
DA:161,100
DA:162,100
DA:266,350
LF:9
LH:6
end_of_record
TN:
SF:/Library/Developer/CommandLineTools/SDKs/MacOSX.sdk/usr/include/c++/v1/__atomic/support.h
FNL:0,119,119
FNA:0,175,_ZNSt3__117__cxx_atomic_implIPKvNS_22__cxx_atomic_base_implIS2_EEEC1B8ne200100ES2_
FNA:0,175,_ZNSt3__117__cxx_atomic_implIPKvNS_22__cxx_atomic_base_implIS2_EEEC2B8ne200100ES2_
FNF:1
FNH:1
DA:119,350
LF:1
LH:1
end_of_record
TN:
SF:/Library/Developer/CommandLineTools/SDKs/MacOSX.sdk/usr/include/c++/v1/__atomic/support/c11.h
FNL:0,206,208
FNA:0,100,_ZNSt3__122__cxx_atomic_fetch_subB8ne200100IiEET_PNS_22__cxx_atomic_base_implIS1_EES1_NS_12memory_orderE
FNL:1,37,37
FNA:1,175,_ZNSt3__122__cxx_atomic_base_implIPKvEC2ES2_
FNL:2,67,69
FNA:2,0,_ZNSt3__118__cxx_atomic_storeB8ne200100IN6google8protobuf8internal12MapFieldBase5StateEEEvPNS_22__cxx_atomic_base_implIT_EES7_NS_12memory_orderE
FNL:3,79,82
FNA:3,10,_ZNSt3__117__cxx_atomic_loadB8ne200100IPKvEET_PKNS_22__cxx_atomic_base_implIS3_EENS_12memory_orderE
FNF:4
FNH:3
DA:37,175
DA:67,0
DA:68,0
DA:69,0
DA:79,10
DA:81,10
DA:82,10
DA:206,100
DA:207,100
DA:208,100
LF:10
LH:7
end_of_record
TN:
SF:/Library/Developer/CommandLineTools/SDKs/MacOSX.sdk/usr/include/c++/v1/__bit/blsr.h
FNL:0,28,29
FNA:0,0,_ZNSt3__113__libcpp_blsrB8ne200100Ey
FNF:1
FNH:0
DA:28,0
DA:29,0
LF:2
LH:0
end_of_record
TN:
SF:/Library/Developer/CommandLineTools/SDKs/MacOSX.sdk/usr/include/c++/v1/__bit/countl.h
FNL:0,34,35
FNA:0,0,_ZNSt3__112__libcpp_clzB8ne200100Em
FNL:1,38,39
FNA:1,0,_ZNSt3__112__libcpp_clzB8ne200100Ey
FNF:2
FNH:0
DA:34,0
DA:35,0
DA:38,0
DA:39,0
LF:4
LH:0
end_of_record
TN:
SF:/Library/Developer/CommandLineTools/SDKs/MacOSX.sdk/usr/include/c++/v1/__bit/countr.h
FNL:0,37,38
FNA:0,0,_ZNSt3__112__libcpp_ctzB8ne200100Ey
FNF:1
FNH:0
DA:37,0
DA:38,0
LF:2
LH:0
end_of_record
TN:
SF:/Library/Developer/CommandLineTools/SDKs/MacOSX.sdk/usr/include/c++/v1/__debug_utils/randomize_range.h
FNL:0,26,38
FNA:0,0,_ZNSt3__123__debug_randomize_rangeB8ne200100INS_17_ClassicAlgPolicyEPPKvS4_EEvT0_T1_
FNF:1
FNH:0
DA:26,0
DA:38,0
LF:2
LH:0
end_of_record
TN:
SF:/Library/Developer/CommandLineTools/SDKs/MacOSX.sdk/usr/include/c++/v1/__debug_utils/strict_weak_ordering_check.h
FNL:0,28,73
FNA:0,0,_ZNSt3__135__check_strict_weak_ordering_sortedB8ne200100IPPKvN6google8protobuf8internal20MapSorterPtrLessThanINS_12basic_stringIcNS_11char_traitsIcEENS_9allocatorIcEEEEEEEEvT_SF_RT0_
FNF:1
FNH:0
DA:28,0
DA:71,0
DA:73,0
LF:3
LH:0
end_of_record
TN:
SF:/Library/Developer/CommandLineTools/SDKs/MacOSX.sdk/usr/include/c++/v1/__functional/invoke.h
FNL:0,28,29
FNA:0,15,_ZNSt3__16invokeB8ne200100IRKZN6google8protobuf8internal18GenericTypeHandlerINS_12basic_stringIcNS_11char_traitsIcEENS_9allocatorIcEEEEE10GetNewFuncEvEUlPNS2_5ArenaERPvE_JSD_SF_EEENS_13invoke_resultIT_JDpT0_EE4typeEOSK_DpOSL_
FNF:1
FNH:1
DA:28,15
DA:29,15
LF:2
LH:2
end_of_record
TN:
SF:/Library/Developer/CommandLineTools/SDKs/MacOSX.sdk/usr/include/c++/v1/__functional/operations.h
FNL:0,359,360
FNA:0,5,_ZNKSt3__14lessINS_12basic_stringIcNS_11char_traitsIcEENS_9allocatorIcEEEEEclB8ne200100ERKS6_S9_
FNF:1
FNH:1
DA:359,5
DA:360,5
LF:2
LH:2
end_of_record
TN:
SF:/Library/Developer/CommandLineTools/SDKs/MacOSX.sdk/usr/include/c++/v1/__iterator/data.h
FNL:0,30,31
FNA:0,0,_ZNSt3__14dataB8ne200100INS_12basic_stringIcNS_11char_traitsIcEENS_9allocatorIcEEEEEEDTcldtfp_4dataEERKT_
FNF:1
FNH:0
DA:30,0
DA:31,0
LF:2
LH:0
end_of_record
TN:
SF:/Library/Developer/CommandLineTools/SDKs/MacOSX.sdk/usr/include/c++/v1/__iterator/size.h
FNL:0,28,29
FNA:0,0,_ZNSt3__14sizeB8ne200100INS_12basic_stringIcNS_11char_traitsIcEENS_9allocatorIcEEEEEEDTcldtfp_4sizeEERKT_
FNF:1
FNH:0
DA:28,0
DA:29,0
LF:2
LH:0
end_of_record
TN:
SF:/Library/Developer/CommandLineTools/SDKs/MacOSX.sdk/usr/include/c++/v1/__memory/allocate_at_least.h
FNL:0,40,41
FNA:0,0,_ZNSt3__119__allocate_at_leastB8ne200100INS_9allocatorIcEEEENS_19__allocation_resultINS_16allocator_traitsIT_E7pointerEEERS5_m
FNF:1
FNH:0
DA:40,0
DA:41,0
LF:2
LH:0
end_of_record
TN:
SF:/Library/Developer/CommandLineTools/SDKs/MacOSX.sdk/usr/include/c++/v1/__memory/allocator.h
FNL:0,116,122
FNA:0,10,_ZNSt3__19allocatorINS_11__tree_nodeINS_12__value_typeINS_12basic_stringIcNS_11char_traitsIcEENS0_IcEEEES7_EEPvEEE10deallocateB8ne200100EPSA_m
FNA:0,40,_ZNSt3__19allocatorIcE10deallocateB8ne200100EPcm
FNL:1,147,148
FNA:1,10,_ZNKSt3__19allocatorINS_11__tree_nodeINS_12__value_typeINS_12basic_stringIcNS_11char_traitsIcEENS0_IcEEEES7_EEPvEEE8max_sizeB8ne200100Ev
FNA:1,0,_ZNKSt3__19allocatorIcE8max_sizeB8ne200100Ev
FNL:2,152,154
FNA:2,10,_ZNSt3__19allocatorINS_11__tree_nodeINS_12__value_typeINS_12basic_stringIcNS_11char_traitsIcEENS0_IcEEEES7_EEPvEEE9constructB8ne200100INS_4pairIKS7_S7_EEJRKNS_21piecewise_construct_tENS_5tupleIJOS7_EEENSJ_IJEEEEEEvPT_DpOT0_
FNL:3,71,71
FNA:3,55,_ZNSt3__116__non_trivial_ifILb1ENS_9allocatorINS_11__tree_nodeINS_12__value_typeINS_12basic_stringIcNS_11char_traitsIcEENS1_IcEEEES8_EEPvEEEEEC2B8ne200100Ev
FNA:3,145,_ZNSt3__116__non_trivial_ifILb1ENS_9allocatorIcEEEC2B8ne200100Ev
FNL:4,93,93
FNA:4,55,_ZNSt3__19allocatorINS_11__tree_nodeINS_12__value_typeINS_12basic_stringIcNS_11char_traitsIcEENS0_IcEEEES7_EEPvEEEC1B8ne200100Ev
FNA:4,55,_ZNSt3__19allocatorINS_11__tree_nodeINS_12__value_typeINS_12basic_stringIcNS_11char_traitsIcEENS0_IcEEEES7_EEPvEEEC2B8ne200100Ev
FNA:4,145,_ZNSt3__19allocatorIcEC1B8ne200100Ev
FNA:4,145,_ZNSt3__19allocatorIcEC2B8ne200100Ev
FNL:5,98,105
FNA:5,10,_ZNSt3__19allocatorINS_11__tree_nodeINS_12__value_typeINS_12basic_stringIcNS_11char_traitsIcEENS0_IcEEEES7_EEPvEEE8allocateB8ne200100Em
FNA:5,0,_ZNSt3__19allocatorIcE8allocateB8ne200100Em
FNF:6
FNH:6
DA:71,200
DA:93,400
DA:98,10
DA:100,10
DA:101,0
DA:105,10
DA:116,50
DA:120,50
DA:122,50
DA:147,10
DA:148,10
DA:152,10
DA:153,10
DA:154,10
LF:14
LH:13
end_of_record
TN:
SF:/Library/Developer/CommandLineTools/SDKs/MacOSX.sdk/usr/include/c++/v1/__memory/allocator_traits.h
FNL:0,269,270
FNA:0,10,_ZNSt3__116allocator_traitsINS_9allocatorINS_11__tree_nodeINS_12__value_typeINS_12basic_stringIcNS_11char_traitsIcEENS1_IcEEEES8_EEPvEEEEE8allocateB8ne200100ERSC_m
FNL:1,301,303
FNA:1,10,_ZNSt3__116allocator_traitsINS_9allocatorINS_11__tree_nodeINS_12__value_typeINS_12basic_stringIcNS_11char_traitsIcEENS1_IcEEEES8_EEPvEEEEE10deallocateB8ne200100ERSC_PSB_m
FNA:1,40,_ZNSt3__116allocator_traitsINS_9allocatorIcEEE10deallocateB8ne200100ERS2_Pcm
FNL:2,307,311
FNA:2,10,_ZNSt3__116allocator_traitsINS_9allocatorINS_11__tree_nodeINS_12__value_typeINS_12basic_stringIcNS_11char_traitsIcEENS1_IcEEEES8_EEPvEEEEE9constructB8ne200100INS_4pairIKS8_S8_EEJRKNS_21piecewise_construct_tENS_5tupleIJOS8_EEENSL_IJEEEELi0EEEvRSC_PT_DpOT0_
FNL:3,328,330
FNA:3,10,_ZNSt3__116allocator_traitsINS_9allocatorINS_11__tree_nodeINS_12__value_typeINS_12basic_stringIcNS_11char_traitsIcEENS1_IcEEEES8_EEPvEEEEE7destroyB8ne200100INS_4pairIKS8_S8_EEvLi0EEEvRSC_PT_
FNL:4,333,335
FNA:4,10,_ZNSt3__116allocator_traitsINS_9allocatorINS_11__tree_nodeINS_12__value_typeINS_12basic_stringIcNS_11char_traitsIcEENS1_IcEEEES8_EEPvEEEEE8max_sizeB8ne200100ISC_Li0EEEmRKSC_
FNA:4,0,_ZNSt3__116allocator_traitsINS_9allocatorIcEEE8max_sizeB8ne200100IS2_Li0EEEmRKS2_
FNL:5,352,353
FNA:5,10,_ZNSt3__116allocator_traitsINS_9allocatorIcEEE37select_on_container_copy_constructionB8ne200100IS2_vLi0EEES2_RKS2_
FNF:6
FNH:6
DA:269,10
DA:270,10
DA:301,50
DA:302,50
DA:303,50
DA:307,10
DA:309,10
DA:311,10
DA:328,10
DA:329,10
DA:330,10
DA:333,10
DA:335,10
DA:352,10
DA:353,10
LF:15
LH:15
end_of_record
TN:
SF:/Library/Developer/CommandLineTools/SDKs/MacOSX.sdk/usr/include/c++/v1/__memory/compressed_pair.h
FNL:0,69,70
FNA:0,10,_ZNSt3__125__compressed_pair_paddingINS_22__tree_node_destructorINS_9allocatorINS_11__tree_nodeINS_12__value_typeINS_12basic_stringIcNS_11char_traitsIcEENS2_IcEEEES9_EEPvEEEEEELb0EEC1Ev
FNA:0,10,_ZNSt3__125__compressed_pair_paddingINS_22__tree_node_destructorINS_9allocatorINS_11__tree_nodeINS_12__value_typeINS_12basic_stringIcNS_11char_traitsIcEENS2_IcEEEES9_EEPvEEEEEELb0EEC2Ev
FNF:1
FNH:1
DA:69,10
DA:70,10
LF:2
LH:2
end_of_record
TN:
SF:/Library/Developer/CommandLineTools/SDKs/MacOSX.sdk/usr/include/c++/v1/__memory/construct_at.h
FNL:0,64,67
FNA:0,10,_ZNSt3__112__destroy_atB8ne200100INS_4pairIKNS_12basic_stringIcNS_11char_traitsIcEENS_9allocatorIcEEEES7_EELi0EEEvPT_
FNF:1
FNH:1
DA:64,10
DA:66,10
DA:67,10
LF:3
LH:3
end_of_record
TN:
SF:/Library/Developer/CommandLineTools/SDKs/MacOSX.sdk/usr/include/c++/v1/__memory/pointer_traits.h
FNL:0,172,173
FNA:0,10,_ZNSt3__114pointer_traitsIPKNS_12__value_typeINS_12basic_stringIcNS_11char_traitsIcEENS_9allocatorIcEEEES7_EEE10pointer_toB8ne200100ERS9_
FNA:0,128,_ZNSt3__114pointer_traitsIPKcE10pointer_toB8ne200100ERS1_
FNA:0,10,_ZNSt3__114pointer_traitsIPNS_12__value_typeINS_12basic_stringIcNS_11char_traitsIcEENS_9allocatorIcEEEES7_EEE10pointer_toB8ne200100ERS8_
FNA:0,200,_ZNSt3__114pointer_traitsIPNS_15__tree_end_nodeIPNS_16__tree_node_baseIPvEEEEE10pointer_toB8ne200100ERS6_
FNA:0,30,_ZNSt3__114pointer_traitsIPcE10pointer_toB8ne200100ERc
FNL:1,191,193
FNA:1,158,_ZNSt3__112__to_addressB8ne200100IKcEEPT_S3_
FNA:1,0,_ZNSt3__112__to_addressB8ne200100IPKvEEPT_S4_
FNA:1,0,_ZNSt3__112__to_addressB8ne200100IPN6google8protobuf8internal11SerialArena11CachedBlockEEEPT_S8_
FNA:1,45,_ZNSt3__112__to_addressB8ne200100IcEEPT_S2_
FNF:2
FNH:2
DA:172,378
DA:173,378
DA:191,203
DA:193,203
LF:4
LH:4
end_of_record
TN:
SF:/Library/Developer/CommandLineTools/SDKs/MacOSX.sdk/usr/include/c++/v1/__memory/uninitialized_algorithms.h
FNL:0,110,115
FNA:0,0,_ZNSt3__120uninitialized_copy_nB8ne200100IPKdiPdEET1_T_T0_S4_
FNL:1,52,53
FNA:1,0,_ZNKSt3__114__always_falseclB8ne200100IJRPdEEEbDpOT_
FNL:2,91,106
FNA:2,0,_ZNSt3__122__uninitialized_copy_nB8ne200100IdPKdiPdNS_14__always_falseEEENS_4pairIT0_T2_EES6_T1_S7_T3_
FNF:3
FNH:0
DA:52,0
DA:53,0
DA:91,0
DA:92,0
DA:96,0
DA:97,0
DA:105,0
DA:106,0
DA:110,0
DA:112,0
DA:113,0
DA:114,0
DA:115,0
LF:13
LH:0
end_of_record
TN:
SF:/Library/Developer/CommandLineTools/SDKs/MacOSX.sdk/usr/include/c++/v1/__memory/unique_ptr.h
FNL:0,101,104
FNA:0,0,_ZNKSt3__114default_deleteIA_PKvEclB8ne200100IS2_EENS4_20_EnableIfConvertibleIT_E4typeEPS7_
FNL:1,212,216
FNA:1,10,_ZNSt3__110unique_ptrINS_11__tree_nodeINS_12__value_typeINS_12basic_stringIcNS_11char_traitsIcEENS_9allocatorIcEEEES8_EEPvEENS_22__tree_node_destructorINS6_ISB_EEEEEC1B8ne200100ILb1EvEEPSB_NS_16__dependent_typeINS_27__unique_ptr_deleter_sfinaeISE_EEXT_EE20__good_rval_ref_typeE
FNA:1,10,_ZNSt3__110unique_ptrINS_11__tree_nodeINS_12__value_typeINS_12basic_stringIcNS_11char_traitsIcEENS_9allocatorIcEEEES8_EEPvEENS_22__tree_node_destructorINS6_ISB_EEEEEC2B8ne200100ILb1EvEEPSB_NS_16__dependent_typeINS_27__unique_ptr_deleter_sfinaeISE_EEXT_EE20__good_rval_ref_typeE
FNL:2,269,269
FNA:2,10,_ZNSt3__110unique_ptrINS_11__tree_nodeINS_12__value_typeINS_12basic_stringIcNS_11char_traitsIcEENS_9allocatorIcEEEES8_EEPvEENS_22__tree_node_destructorINS6_ISB_EEEEED1B8ne200100Ev
FNA:2,10,_ZNSt3__110unique_ptrINS_11__tree_nodeINS_12__value_typeINS_12basic_stringIcNS_11char_traitsIcEENS_9allocatorIcEEEES8_EEPvEENS_22__tree_node_destructorINS6_ISB_EEEEED2B8ne200100Ev
FNL:3,280,280
FNA:3,10,_ZNKSt3__110unique_ptrINS_11__tree_nodeINS_12__value_typeINS_12basic_stringIcNS_11char_traitsIcEENS_9allocatorIcEEEES8_EEPvEENS_22__tree_node_destructorINS6_ISB_EEEEEptB8ne200100Ev
FNL:4,281,281
FNA:4,10,_ZNKSt3__110unique_ptrINS_11__tree_nodeINS_12__value_typeINS_12basic_stringIcNS_11char_traitsIcEENS_9allocatorIcEEEES8_EEPvEENS_22__tree_node_destructorINS6_ISB_EEEEE3getB8ne200100Ev
FNL:5,282,282
FNA:5,10,_ZNSt3__110unique_ptrINS_11__tree_nodeINS_12__value_typeINS_12basic_stringIcNS_11char_traitsIcEENS_9allocatorIcEEEES8_EEPvEENS_22__tree_node_destructorINS6_ISB_EEEEE11get_deleterB8ne200100Ev
FNL:6,290,294
FNA:6,10,_ZNSt3__110unique_ptrINS_11__tree_nodeINS_12__value_typeINS_12basic_stringIcNS_11char_traitsIcEENS_9allocatorIcEEEES8_EEPvEENS_22__tree_node_destructorINS6_ISB_EEEEE7releaseB8ne200100Ev
FNL:7,296,301
FNA:7,10,_ZNSt3__110unique_ptrINS_11__tree_nodeINS_12__value_typeINS_12basic_stringIcNS_11char_traitsIcEENS_9allocatorIcEEEES8_EEPvEENS_22__tree_node_destructorINS6_ISB_EEEEE5resetB8ne200100EPSB_
FNL:8,495,497
FNA:8,0,_ZNSt3__110unique_ptrIA_PKvNS_14default_deleteIS3_EEEC1B8ne200100IPS2_Lb1EvvEET_
FNA:8,0,_ZNSt3__110unique_ptrIA_PKvNS_14default_deleteIS3_EEEC2B8ne200100IPS2_Lb1EvvEET_
FNL:9,581,581
FNA:9,0,_ZNSt3__110unique_ptrIA_PKvNS_14default_deleteIS3_EEED1B8ne200100Ev
FNA:9,0,_ZNSt3__110unique_ptrIA_PKvNS_14default_deleteIS3_EEED2B8ne200100Ev
FNL:10,588,591
FNA:10,0,_ZNKSt3__110unique_ptrIA_PKvNS_14default_deleteIS3_EEEixB8ne200100Em
FNL:11,593,593
FNA:11,0,_ZNKSt3__110unique_ptrIA_PKvNS_14default_deleteIS3_EEE3getB8ne200100Ev
FNL:12,621,627
FNA:12,0,_ZNSt3__110unique_ptrIA_PKvNS_14default_deleteIS3_EEE5resetB8ne200100EDn
FNF:13
FNH:7
DA:101,0
DA:103,0
DA:104,0
DA:212,30
DA:213,10
DA:214,20
DA:216,20
DA:269,20
DA:280,10
DA:281,10
DA:282,10
DA:290,10
DA:291,10
DA:292,10
DA:293,20
DA:294,10
DA:296,10
DA:297,10
DA:298,10
DA:299,10
DA:300,0
DA:301,10
DA:495,0
DA:496,0
DA:497,0
DA:581,0
DA:588,0
DA:591,0
DA:593,0
DA:621,0
DA:622,0
DA:623,0
DA:624,0
DA:625,0
DA:626,0
DA:627,0
LF:36
LH:18
end_of_record
TN:
SF:/Library/Developer/CommandLineTools/SDKs/MacOSX.sdk/usr/include/c++/v1/__new/allocate.h
FNL:0,101,116
FNA:0,10,_ZNSt3__119__libcpp_deallocateB8ne200100INS_11__tree_nodeINS_12__value_typeINS_12basic_stringIcNS_11char_traitsIcEENS_9allocatorIcEEEES8_EEPvEEEEvPNS_15__type_identityIT_E4typeENS_15__element_countEm
FNA:0,40,_ZNSt3__119__libcpp_deallocateB8ne200100IcEEvPNS_15__type_identityIT_E4typeENS_15__element_countEm
FNL:1,29,31
FNA:1,60,_ZNSt3__124__is_overaligned_for_newB8ne200100Em
FNL:2,53,55
FNA:2,10,_ZNSt3__121__libcpp_operator_newB8ne200100INS_11__tree_nodeINS_12__value_typeINS_12basic_stringIcNS_11char_traitsIcEENS_9allocatorIcEEEES8_EEPvEEEESA_m
FNA:2,0,_ZNSt3__121__libcpp_operator_newB8ne200100IcEEPvm
FNL:3,62,64
FNA:3,0,_ZNSt3__121__libcpp_operator_newB8ne200100INS_11__tree_nodeINS_12__value_typeINS_12basic_stringIcNS_11char_traitsIcEENS_9allocatorIcEEEES8_EEPvEEJmSt11align_val_tEEESA_DpT0_
FNA:3,0,_ZNSt3__121__libcpp_operator_newB8ne200100IcJmSt11align_val_tEEEPvDpT0_
FNL:4,71,77
FNA:4,10,_ZNSt3__124__libcpp_operator_deleteB8ne200100IJPNS_11__tree_nodeINS_12__value_typeINS_12basic_stringIcNS_11char_traitsIcEENS_9allocatorIcEEEES8_EEPvEEEEEvDpT_
FNA:4,0,_ZNSt3__124__libcpp_operator_deleteB8ne200100IJPNS_11__tree_nodeINS_12__value_typeINS_12basic_stringIcNS_11char_traitsIcEENS_9allocatorIcEEEES8_EEPvEESt11align_val_tEEEvDpT_
FNA:4,40,_ZNSt3__124__libcpp_operator_deleteB8ne200100IJPcEEEvDpT_
FNA:4,0,_ZNSt3__124__libcpp_operator_deleteB8ne200100IJPcSt11align_val_tEEEvDpT_
FNL:5,81,92
FNA:5,10,_ZNSt3__117__libcpp_allocateB8ne200100INS_11__tree_nodeINS_12__value_typeINS_12basic_stringIcNS_11char_traitsIcEENS_9allocatorIcEEEES8_EEPvEEEEPT_NS_15__element_countEm
FNA:5,0,_ZNSt3__117__libcpp_allocateB8ne200100IcEEPT_NS_15__element_countEm
FNF:6
FNH:5
DA:29,60
DA:31,60
DA:53,10
DA:55,10
DA:62,0
DA:64,0
DA:71,50
DA:73,50
DA:77,50
DA:81,10
DA:82,10
DA:84,10
DA:85,0
DA:86,0
DA:87,0
DA:91,10
DA:92,10
DA:101,50
DA:103,50
DA:109,50
DA:110,0
DA:111,0
DA:112,0
DA:113,50
DA:116,50
LF:25
LH:17
end_of_record
TN:
SF:/Library/Developer/CommandLineTools/SDKs/MacOSX.sdk/usr/include/c++/v1/__new/exceptions.h
FNL:0,66,68
FNA:0,0,_ZSt28__throw_bad_array_new_lengthB8ne200100v
FNF:1
FNH:0
DA:66,0
DA:68,0
LF:2
LH:0
end_of_record
TN:
SF:/Library/Developer/CommandLineTools/SDKs/MacOSX.sdk/usr/include/c++/v1/__new/launder.h
FNL:0,22,25
FNA:0,15,_ZNSt3__19__launderB8ne200100IKNS_4pairIKNS_12basic_stringIcNS_11char_traitsIcEENS_9allocatorIcEEEES7_EEEEPT_SC_
FNA:0,30,_ZNSt3__19__launderB8ne200100INS_4pairIKNS_12basic_stringIcNS_11char_traitsIcEENS_9allocatorIcEEEES7_EEEEPT_SB_
FNL:1,30,31
FNA:1,15,_ZNSt3__17launderB8ne200100IKNS_4pairIKNS_12basic_stringIcNS_11char_traitsIcEENS_9allocatorIcEEEES7_EEEEPT_SC_
FNA:1,30,_ZNSt3__17launderB8ne200100INS_4pairIKNS_12basic_stringIcNS_11char_traitsIcEENS_9allocatorIcEEEES7_EEEEPT_SB_
FNF:2
FNH:2
DA:22,45
DA:25,45
DA:30,45
DA:31,45
LF:4
LH:4
end_of_record
TN:
SF:/Library/Developer/CommandLineTools/SDKs/MacOSX.sdk/usr/include/c++/v1/__string/char_traits.h
FNL:0,194,196
FNA:0,0,_ZNSt3__111char_traitsIcE6assignB8ne200100ERcRKc
FNL:1,209,227
FNA:1,15,_ZNSt3__111char_traitsIcE7compareB8ne200100EPKcS3_m
FNL:2,231,232
FNA:2,120,_ZNSt3__111char_traitsIcE6lengthB8ne200100EPKc
FNL:3,248,252
FNA:3,0,_ZNSt3__111char_traitsIcE4copyB8ne200100EPcPKcm
FNF:4
FNH:2
DA:194,0
DA:195,0
DA:196,0
DA:209,15
DA:227,15
DA:231,120
DA:232,120
DA:248,0
DA:251,0
DA:252,0
LF:10
LH:4
end_of_record
TN:
SF:/Library/Developer/CommandLineTools/SDKs/MacOSX.sdk/usr/include/c++/v1/__string/constexpr_c_functions.h
FNL:0,209,229
FNA:0,0,_ZNSt3__119__constexpr_memmoveB8ne200100IPN6google8protobuf8internal11SerialArena11CachedBlockES6_Li0EEEPT_S8_PT0_NS_15__element_countE
FNA:0,0,_ZNSt3__119__constexpr_memmoveB8ne200100IcKcLi0EEEPT_S3_PT0_NS_15__element_countE
FNL:1,49,63
FNA:1,120,_ZNSt3__118__constexpr_strlenB8ne200100IcEEmPKT_
FNF:2
FNH:1
DA:49,120
DA:63,120
DA:209,0
DA:210,0
DA:225,0
DA:226,0
DA:227,0
DA:228,0
DA:229,0
LF:9
LH:2
end_of_record
TN:
SF:/Library/Developer/CommandLineTools/SDKs/MacOSX.sdk/usr/include/c++/v1/__tree
FNL:0,108
FNA:0,10,_ZNSt3__120__tree_is_left_childB8ne200100IPNS_16__tree_node_baseIPvEEEEbT_
FNL:1,1326
FNA:1,55,_ZNSt3__16__treeINS_12__value_typeINS_12basic_stringIcNS_11char_traitsIcEENS_9allocatorIcEEEES7_EENS_19__map_value_compareIS7_S8_NS_4lessIS7_EELb1EEENS5_IS8_EEEC1ERKSC_
FNA:1,55,_ZNSt3__16__treeINS_12__value_typeINS_12basic_stringIcNS_11char_traitsIcEENS_9allocatorIcEEEES7_EENS_19__map_value_compareIS7_S8_NS_4lessIS7_EELb1EEENS5_IS8_EEEC2ERKSC_
FNL:2,1533
FNA:2,55,_ZNSt3__16__treeINS_12__value_typeINS_12basic_stringIcNS_11char_traitsIcEENS_9allocatorIcEEEES7_EENS_19__map_value_compareIS7_S8_NS_4lessIS7_EELb1EEENS5_IS8_EEED1Ev
FNA:2,55,_ZNSt3__16__treeINS_12__value_typeINS_12basic_stringIcNS_11char_traitsIcEENS_9allocatorIcEEEES7_EENS_19__map_value_compareIS7_S8_NS_4lessIS7_EELb1EEENS5_IS8_EEED2Ev
FNL:3,1539
FNA:3,75,_ZNSt3__16__treeINS_12__value_typeINS_12basic_stringIcNS_11char_traitsIcEENS_9allocatorIcEEEES7_EENS_19__map_value_compareIS7_S8_NS_4lessIS7_EELb1EEENS5_IS8_EEE7destroyEPNS_11__tree_nodeIS8_PvEE
FNL:4,165
FNA:4,0,_ZNSt3__110__tree_minB8ne200100IPNS_16__tree_node_baseIPvEEEET_S5_
FNL:5,1679
FNA:5,10,_ZNSt3__16__treeINS_12__value_typeINS_12basic_stringIcNS_11char_traitsIcEENS_9allocatorIcEEEES7_EENS_19__map_value_compareIS7_S8_NS_4lessIS7_EELb1EEENS5_IS8_EEE12__find_equalIS7_EERPNS_16__tree_node_baseIPvEERPNS_15__tree_end_nodeISJ_EERKT_
FNL:6,1761
FNA:6,10,_ZNSt3__16__treeINS_12__value_typeINS_12basic_stringIcNS_11char_traitsIcEENS_9allocatorIcEEEES7_EENS_19__map_value_compareIS7_S8_NS_4lessIS7_EELb1EEENS5_IS8_EEE16__insert_node_atEPNS_15__tree_end_nodeIPNS_16__tree_node_baseIPvEEEERSJ_SJ_
FNL:7,1777
FNA:7,10,_ZNSt3__16__treeINS_12__value_typeINS_12basic_stringIcNS_11char_traitsIcEENS_9allocatorIcEEEES7_EENS_19__map_value_compareIS7_S8_NS_4lessIS7_EELb1EEENS5_IS8_EEE25__emplace_unique_key_argsIS7_JRKNS_21piecewise_construct_tENS_5tupleIJOS7_EEENSJ_IJEEEEEENS_4pairINS_15__tree_iteratorIS8_PNS_11__tree_nodeIS8_PvEElEEbEERKT_DpOT0_
FNL:8,1813
FNA:8,10,_ZNSt3__16__treeINS_12__value_typeINS_12basic_stringIcNS_11char_traitsIcEENS_9allocatorIcEEEES7_EENS_19__map_value_compareIS7_S8_NS_4lessIS7_EELb1EEENS5_IS8_EEE16__construct_nodeIJRKNS_21piecewise_construct_tENS_5tupleIJOS7_EEENSJ_IJEEEEEENS_10unique_ptrINS_11__tree_nodeIS8_PvEENS_22__tree_node_destructorINS5_ISQ_EEEEEEDpOT_
FNL:9,193
FNA:9,10,_ZNSt3__116__tree_next_iterB8ne200100IPNS_15__tree_end_nodeIPNS_16__tree_node_baseIPvEEEES5_EET_T0_
FNL:10,236
FNA:10,0,_ZNSt3__118__tree_left_rotateB8ne200100IPNS_16__tree_node_baseIPvEEEEvT_
FNL:11,255
FNA:11,0,_ZNSt3__119__tree_right_rotateB8ne200100IPNS_16__tree_node_baseIPvEEEEvT_
FNL:12,279
FNA:12,10,_ZNSt3__127__tree_balance_after_insertB8ne200100IPNS_16__tree_node_baseIPvEEEEvT_S5_
FNL:13,552
FNA:13,20,_ZNSt3__122__tree_key_value_typesINS_12__value_typeINS_12basic_stringIcNS_11char_traitsIcEENS_9allocatorIcEEEES7_EEE9__get_ptrB8ne200100ERS8_
FNL:14,636
FNA:14,55,_ZNSt3__115__tree_end_nodeIPNS_16__tree_node_baseIPvEEEC1B8ne200100Ev
FNA:14,55,_ZNSt3__115__tree_end_nodeIPNS_16__tree_node_baseIPvEEEC2B8ne200100Ev
FNL:15,651
FNA:15,5,_ZNKSt3__116__tree_node_baseIPvE15__parent_unsafeB8ne200100Ev
FNL:16,653
FNA:16,0,_ZNSt3__116__tree_node_baseIPvE12__set_parentB8ne200100EPS2_
FNL:17,692
FNA:17,10,_ZNSt3__122__tree_node_destructorINS_9allocatorINS_11__tree_nodeINS_12__value_typeINS_12basic_stringIcNS_11char_traitsIcEENS1_IcEEEES8_EEPvEEEEEC1B8ne200100ERSC_b
FNA:17,10,_ZNSt3__122__tree_node_destructorINS_9allocatorINS_11__tree_nodeINS_12__value_typeINS_12basic_stringIcNS_11char_traitsIcEENS1_IcEEEES8_EEPvEEEEEC2B8ne200100ERSC_b
FNL:18,696
FNA:18,0,_ZNSt3__122__tree_node_destructorINS_9allocatorINS_11__tree_nodeINS_12__value_typeINS_12basic_stringIcNS_11char_traitsIcEENS1_IcEEEES8_EEPvEEEEEclB8ne200100EPSB_
FNL:19,742
FNA:19,10,_ZNKSt3__115__tree_iteratorINS_12__value_typeINS_12basic_stringIcNS_11char_traitsIcEENS_9allocatorIcEEEES7_EEPNS_11__tree_nodeIS8_PvEElEptB8ne200100Ev
FNL:20,774
FNA:20,10,_ZNSt3__115__tree_iteratorINS_12__value_typeINS_12basic_stringIcNS_11char_traitsIcEENS_9allocatorIcEEEES7_EEPNS_11__tree_nodeIS8_PvEElEC1B8ne200100ESC_
FNA:20,10,_ZNSt3__115__tree_iteratorINS_12__value_typeINS_12basic_stringIcNS_11char_traitsIcEENS_9allocatorIcEEEES7_EEPNS_11__tree_nodeIS8_PvEElEC2B8ne200100ESC_
FNL:21,776
FNA:21,10,_ZNKSt3__115__tree_iteratorINS_12__value_typeINS_12basic_stringIcNS_11char_traitsIcEENS_9allocatorIcEEEES7_EEPNS_11__tree_nodeIS8_PvEElE8__get_npB8ne200100Ev
FNL:22,825
FNA:22,10,_ZNKSt3__121__tree_const_iteratorINS_12__value_typeINS_12basic_stringIcNS_11char_traitsIcEENS_9allocatorIcEEEES7_EEPNS_11__tree_nodeIS8_PvEElEptB8ne200100Ev
FNL:23,827
FNA:23,10,_ZNSt3__121__tree_const_iteratorINS_12__value_typeINS_12basic_stringIcNS_11char_traitsIcEENS_9allocatorIcEEEES7_EEPNS_11__tree_nodeIS8_PvEElEppB8ne200100Ev
FNL:24,851
FNA:24,65,_ZNSt3__1eqB8ne200100ERKNS_21__tree_const_iteratorINS_12__value_typeINS_12basic_stringIcNS_11char_traitsIcEENS_9allocatorIcEEEES7_EEPNS_11__tree_nodeIS8_PvEElEESF_
FNL:25,854
FNA:25,65,_ZNSt3__1neB8ne200100ERKNS_21__tree_const_iteratorINS_12__value_typeINS_12basic_stringIcNS_11char_traitsIcEENS_9allocatorIcEEEES7_EEPNS_11__tree_nodeIS8_PvEElEESF_
FNL:26,860
FNA:26,110,_ZNSt3__121__tree_const_iteratorINS_12__value_typeINS_12basic_stringIcNS_11char_traitsIcEENS_9allocatorIcEEEES7_EEPNS_11__tree_nodeIS8_PvEElEC1B8ne200100EPNS_15__tree_end_nodeIPNS_16__tree_node_baseISA_EEEE
FNA:26,110,_ZNSt3__121__tree_const_iteratorINS_12__value_typeINS_12basic_stringIcNS_11char_traitsIcEENS_9allocatorIcEEEES7_EEPNS_11__tree_nodeIS8_PvEElEC2B8ne200100EPNS_15__tree_end_nodeIPNS_16__tree_node_baseISA_EEEE
FNL:27,861
FNA:27,10,_ZNKSt3__121__tree_const_iteratorINS_12__value_typeINS_12basic_stringIcNS_11char_traitsIcEENS_9allocatorIcEEEES7_EEPNS_11__tree_nodeIS8_PvEElE8__get_npB8ne200100Ev
FNL:28,940
FNA:28,70,_ZNSt3__16__treeINS_12__value_typeINS_12basic_stringIcNS_11char_traitsIcEENS_9allocatorIcEEEES7_EENS_19__map_value_compareIS7_S8_NS_4lessIS7_EELb1EEENS5_IS8_EEE10__end_nodeB8ne200100Ev
FNL:29,943
FNA:29,130,_ZNKSt3__16__treeINS_12__value_typeINS_12basic_stringIcNS_11char_traitsIcEENS_9allocatorIcEEEES7_EENS_19__map_value_compareIS7_S8_NS_4lessIS7_EELb1EEENS5_IS8_EEE10__end_nodeB8ne200100Ev
FNL:30,947
FNA:30,20,_ZNSt3__16__treeINS_12__value_typeINS_12basic_stringIcNS_11char_traitsIcEENS_9allocatorIcEEEES7_EENS_19__map_value_compareIS7_S8_NS_4lessIS7_EELb1EEENS5_IS8_EEE12__node_allocB8ne200100Ev
FNL:31,951
FNA:31,85,_ZNSt3__16__treeINS_12__value_typeINS_12basic_stringIcNS_11char_traitsIcEENS_9allocatorIcEEEES7_EENS_19__map_value_compareIS7_S8_NS_4lessIS7_EELb1EEENS5_IS8_EEE12__begin_nodeB8ne200100Ev
FNL:32,952
FNA:32,55,_ZNKSt3__16__treeINS_12__value_typeINS_12basic_stringIcNS_11char_traitsIcEENS_9allocatorIcEEEES7_EENS_19__map_value_compareIS7_S8_NS_4lessIS7_EELb1EEENS5_IS8_EEE12__begin_nodeB8ne200100Ev
FNL:33,958
FNA:33,10,_ZNSt3__16__treeINS_12__value_typeINS_12basic_stringIcNS_11char_traitsIcEENS_9allocatorIcEEEES7_EENS_19__map_value_compareIS7_S8_NS_4lessIS7_EELb1EEENS5_IS8_EEE4sizeB8ne200100Ev
FNL:34,962
FNA:34,5,_ZNSt3__16__treeINS_12__value_typeINS_12basic_stringIcNS_11char_traitsIcEENS_9allocatorIcEEEES7_EENS_19__map_value_compareIS7_S8_NS_4lessIS7_EELb1EEENS5_IS8_EEE10value_compB8ne200100Ev
FNL:35,966
FNA:35,65,_ZNKSt3__16__treeINS_12__value_typeINS_12basic_stringIcNS_11char_traitsIcEENS_9allocatorIcEEEES7_EENS_19__map_value_compareIS7_S8_NS_4lessIS7_EELb1EEENS5_IS8_EEE6__rootB8ne200100Ev
FNL:36,970
FNA:36,10,_ZNKSt3__16__treeINS_12__value_typeINS_12basic_stringIcNS_11char_traitsIcEENS_9allocatorIcEEEES7_EENS_19__map_value_compareIS7_S8_NS_4lessIS7_EELb1EEENS5_IS8_EEE10__root_ptrB8ne200100Ev
FNL:37,996
FNA:37,55,_ZNKSt3__16__treeINS_12__value_typeINS_12basic_stringIcNS_11char_traitsIcEENS_9allocatorIcEEEES7_EENS_19__map_value_compareIS7_S8_NS_4lessIS7_EELb1EEENS5_IS8_EEE5beginB8ne200100Ev
FNL:38,998
FNA:38,55,_ZNKSt3__16__treeINS_12__value_typeINS_12basic_stringIcNS_11char_traitsIcEENS_9allocatorIcEEEES7_EENS_19__map_value_compareIS7_S8_NS_4lessIS7_EELb1EEENS5_IS8_EEE3endB8ne200100Ev
FNF:39
FNH:34
DA:108,10
DA:109,10
DA:165,0
DA:167,0
DA:168,0
DA:169,0
DA:193,10
DA:195,10
DA:196,0
DA:197,10
DA:198,0
DA:199,10
DA:200,10
DA:236,0
DA:239,0
DA:240,0
DA:241,0
DA:242,0
DA:243,0
DA:244,0
DA:245,0
DA:247,0
DA:248,0
DA:249,0
DA:250,0
DA:255,0
DA:258,0
DA:259,0
DA:260,0
DA:261,0
DA:262,0
DA:263,0
DA:264,0
DA:266,0
DA:267,0
DA:268,0
DA:269,0
DA:279,10
DA:282,10
DA:283,10
DA:285,0
DA:286,0
DA:287,0
DA:288,0
DA:289,0
DA:290,0
DA:291,0
DA:292,0
DA:293,0
DA:294,0
DA:295,0
DA:296,0
DA:297,0
DA:298,0
DA:299,0
DA:300,0
DA:301,0
DA:302,0
DA:303,0
DA:305,0
DA:306,0
DA:307,0
DA:308,0
DA:309,0
DA:310,0
DA:311,0
DA:312,0
DA:313,0
DA:314,0
DA:315,0
DA:316,0
DA:317,0
DA:318,0
DA:319,0
DA:320,0
DA:321,0
DA:322,0
DA:323,0
DA:325,0
DA:327,10
DA:552,20
DA:553,20
DA:636,110
DA:651,5
DA:653,0
DA:692,20
DA:693,10
DA:694,20
DA:696,0
DA:697,0
DA:698,0
DA:699,0
DA:700,0
DA:701,0
DA:742,10
DA:774,20
DA:776,10
DA:825,10
DA:827,10
DA:828,10
DA:829,10
DA:830,10
DA:851,65
DA:852,65
DA:854,65
DA:855,65
DA:860,220
DA:861,10
DA:940,70
DA:941,70
DA:943,130
DA:944,130
DA:945,130
DA:947,20
DA:951,85
DA:952,55
DA:958,10
DA:962,5
DA:966,65
DA:967,65
DA:970,10
DA:971,10
DA:996,55
DA:998,55
DA:1326,110
DA:1328,110
DA:1329,55
DA:1330,110
DA:1533,110
DA:1535,55
DA:1536,110
DA:1539,75
DA:1540,75
DA:1541,10
DA:1542,10
DA:1543,10
DA:1544,10
DA:1545,10
DA:1546,10
DA:1547,75
DA:1679,10
DA:1680,10
DA:1681,10
DA:1682,10
DA:1683,5
DA:1684,5
DA:1685,5
DA:1686,0
DA:1687,0
DA:1688,0
DA:1689,5
DA:1690,5
DA:1692,0
DA:1693,0
DA:1694,0
DA:1695,0
DA:1696,0
DA:1697,0
DA:1698,0
DA:1700,0
DA:1701,0
DA:1702,0
DA:1706,5
DA:1707,5
DA:1708,10
DA:1761,10
DA:1763,10
DA:1764,10
DA:1765,10
DA:1767,10
DA:1768,10
DA:1769,10
DA:1770,10
DA:1771,10
DA:1772,10
DA:1777,10
DA:1778,10
DA:1779,10
DA:1780,10
DA:1781,10
DA:1782,10
DA:1783,10
DA:1784,10
DA:1785,10
DA:1786,10
DA:1787,10
DA:1788,10
DA:1789,10
DA:1813,10
DA:1815,10
DA:1816,10
DA:1817,10
DA:1818,10
DA:1819,10
DA:1820,10
LF:195
LH:106
end_of_record
TN:
SF:/Library/Developer/CommandLineTools/SDKs/MacOSX.sdk/usr/include/c++/v1/__type_traits/invoke.h
FNL:0,177,179
FNA:0,15,_ZNSt3__18__invokeB8ne200100IRKZN6google8protobuf8internal18GenericTypeHandlerINS_12basic_stringIcNS_11char_traitsIcEENS_9allocatorIcEEEEE10GetNewFuncEvEUlPNS2_5ArenaERPvE_JSD_SF_EEEDTclclsr3stdE7declvalIT_EEspclsr3stdE7declvalIT0_EEEEOSJ_DpOSK_
FNF:1
FNH:1
DA:177,15
DA:179,15
LF:2
LH:2
end_of_record
TN:
SF:/Library/Developer/CommandLineTools/SDKs/MacOSX.sdk/usr/include/c++/v1/__utility/convert_to_integral.h
FNL:0,28,28
FNA:0,0,_ZNSt3__121__convert_to_integralB8ne200100El
FNF:1
FNH:0
DA:28,0
LF:1
LH:0
end_of_record
TN:
SF:/Library/Developer/CommandLineTools/SDKs/MacOSX.sdk/usr/include/c++/v1/__utility/exchange.h
FNL:0,29,34
FNA:0,25,_ZNSt3__18exchangeB8ne200100IP15QTypedArrayDataIDsEDnEET_RS4_OT0_
FNA:0,25,_ZNSt3__18exchangeB8ne200100IPDsDnEET_RS2_OT0_
FNA:0,15,_ZNSt3__18exchangeB8ne200100IiRiEET_RS2_OT0_
FNA:0,25,_ZNSt3__18exchangeB8ne200100IxiEET_RS1_OT0_
FNF:1
FNH:1
DA:29,90
DA:31,90
DA:32,90
DA:33,180
DA:34,90
LF:5
LH:5
end_of_record
TN:
SF:/Library/Developer/CommandLineTools/SDKs/MacOSX.sdk/usr/include/c++/v1/__utility/pair.h
FNL:0,158,161
FNA:0,10,_ZNSt3__14pairIN6google8protobuf3MapINS_12basic_stringIcNS_11char_traitsIcEENS_9allocatorIcEEEES9_E8iteratorEbEC1B8ne200100ISB_bLi0EEEOT_OT0_
FNA:0,10,_ZNSt3__14pairIN6google8protobuf3MapINS_12basic_stringIcNS_11char_traitsIcEENS_9allocatorIcEEEES9_E8iteratorEbEC2B8ne200100ISB_bLi0EEEOT_OT0_
FNA:0,10,_ZNSt3__14pairINS_15__tree_iteratorINS_12__value_typeINS_12basic_stringIcNS_11char_traitsIcEENS_9allocatorIcEEEES8_EEPNS_11__tree_nodeIS9_PvEElEEbEC1B8ne200100ISE_RbLi0EEEOT_OT0_
FNA:0,10,_ZNSt3__14pairINS_15__tree_iteratorINS_12__value_typeINS_12basic_stringIcNS_11char_traitsIcEENS_9allocatorIcEEEES8_EEPNS_11__tree_nodeIS9_PvEElEEbEC2B8ne200100ISE_RbLi0EEEOT_OT0_
FNA:0,0,_ZNSt3__14pairIPKdPdEC1B8ne200100IS2_S3_Li0EEEOT_OT0_
FNA:0,0,_ZNSt3__14pairIPKdPdEC2B8ne200100IS2_S3_Li0EEEOT_OT0_
FNA:0,0,_ZNSt3__14pairIPPKvbEC1B8ne200100IRS3_RbLi0EEEOT_OT0_
FNA:0,0,_ZNSt3__14pairIPPKvbEC2B8ne200100IRS3_RbLi0EEEOT_OT0_
FNA:0,0,_ZNSt3__14pairIPPN6google8protobuf8internal11SerialArena11CachedBlockES7_EC1B8ne200100IRS7_S7_Li0EEEOT_OT0_
FNA:0,0,_ZNSt3__14pairIPPN6google8protobuf8internal11SerialArena11CachedBlockES7_EC1B8ne200100IS7_S7_Li0EEEOT_OT0_
FNA:0,0,_ZNSt3__14pairIPPN6google8protobuf8internal11SerialArena11CachedBlockES7_EC2B8ne200100IRS7_S7_Li0EEEOT_OT0_
FNA:0,0,_ZNSt3__14pairIPPN6google8protobuf8internal11SerialArena11CachedBlockES7_EC2B8ne200100IS7_S7_Li0EEEOT_OT0_
FNA:0,55,_ZNSt3__14pairIPcS1_EC1B8ne200100IS1_S1_Li0EEEOT_OT0_
FNA:0,55,_ZNSt3__14pairIPcS1_EC2B8ne200100IS1_S1_Li0EEEOT_OT0_
FNA:0,15,_ZNSt3__14pairIyyEC1B8ne200100IyyLi0EEEOT_OT0_
FNA:0,15,_ZNSt3__14pairIyyEC2B8ne200100IyyLi0EEEOT_OT0_
FNL:1,217,223
FNA:1,10,_ZNSt3__14pairIKNS_12basic_stringIcNS_11char_traitsIcEENS_9allocatorIcEEEES6_EC1B8ne200100IJOS6_EJEEENS_21piecewise_construct_tENS_5tupleIJDpT_EEENSC_IJDpT0_EEE
FNL:2,434,440
FNA:2,10,_ZNSt3__14pairIKNS_12basic_stringIcNS_11char_traitsIcEENS_9allocatorIcEEEES6_EC1B8ne200100IJOS6_EJEJLm0EEJEEENS_21piecewise_construct_tERNS_5tupleIJDpT_EEERNSC_IJDpT0_EEENS_15__tuple_indicesIJXspT1_EEEENSL_IJXspT2_EEEE
FNA:2,10,_ZNSt3__14pairIKNS_12basic_stringIcNS_11char_traitsIcEENS_9allocatorIcEEEES6_EC2B8ne200100IJOS6_EJEJLm0EEJEEENS_21piecewise_construct_tERNS_5tupleIJDpT_EEERNSC_IJDpT0_EEENS_15__tuple_indicesIJXspT1_EEEENSL_IJXspT2_EEEE
FNL:3,536,537
FNA:3,10,_ZNSt3__19make_pairB8ne200100IN6google8protobuf3MapINS_12basic_stringIcNS_11char_traitsIcEENS_9allocatorIcEEEES9_E8iteratorEbEENS_4pairINS_18__unwrap_referenceIu7__decayIT_EE4typeENSD_Iu7__decayIT0_EE4typeEEEOSE_OSI_
FNA:3,0,_ZNSt3__19make_pairB8ne200100IPPN6google8protobuf8internal11SerialArena11CachedBlockES7_EENS_4pairINS_18__unwrap_referenceIu7__decayIT_EE4typeENS9_Iu7__decayIT0_EE4typeEEEOSA_OSE_
FNA:3,0,_ZNSt3__19make_pairB8ne200100IRPPKvRbEENS_4pairINS_18__unwrap_referenceIu7__decayIT_EE4typeENS7_Iu7__decayIT0_EE4typeEEEOS8_OSC_
FNA:3,0,_ZNSt3__19make_pairB8ne200100IRPPN6google8protobuf8internal11SerialArena11CachedBlockES7_EENS_4pairINS_18__unwrap_referenceIu7__decayIT_EE4typeENSA_Iu7__decayIT0_EE4typeEEEOSB_OSF_
FNL:4,569,570
FNA:4,10,_ZNSt3__110__get_pairILm0EE3getB8ne200100IKNS_12basic_stringIcNS_11char_traitsIcEENS_9allocatorIcEEEES8_EERKT_RKNS_4pairISA_T0_EE
FNL:5,592,593
FNA:5,10,_ZNSt3__110__get_pairILm1EE3getB8ne200100IKNS_12basic_stringIcNS_11char_traitsIcEENS_9allocatorIcEEEES8_EERKT0_RKNS_4pairIT_SA_EE
FNL:6,615,616
FNA:6,10,_ZNSt3__13getB8ne200100ILm0EKNS_12basic_stringIcNS_11char_traitsIcEENS_9allocatorIcEEEES6_EERKNS_13tuple_elementIXT_ENS_4pairIT0_T1_EEE4typeERKSC_
FNA:6,10,_ZNSt3__13getB8ne200100ILm1EKNS_12basic_stringIcNS_11char_traitsIcEENS_9allocatorIcEEEES6_EERKNS_13tuple_elementIXT_ENS_4pairIT0_T1_EEE4typeERKSC_
FNL:7,63,158
FNA:7,10,_ZNSt3__14pairIKNS_12basic_stringIcNS_11char_traitsIcEENS_9allocatorIcEEEES6_ED1Ev
FNA:7,10,_ZNSt3__14pairIKNS_12basic_stringIcNS_11char_traitsIcEENS_9allocatorIcEEEES6_ED2Ev
FNF:8
FNH:8
DA:158,180
DA:160,180
DA:161,180
DA:217,10
DA:219,10
DA:223,10
DA:434,20
DA:439,10
DA:440,20
DA:536,10
DA:537,10
DA:569,10
DA:570,10
DA:592,10
DA:593,10
DA:615,20
DA:616,20
LF:17
LH:17
end_of_record
TN:
SF:/Library/Developer/CommandLineTools/SDKs/MacOSX.sdk/usr/include/c++/v1/__utility/swap.h
FNL:0,42,47
FNA:0,55,_ZNSt3__14swapB8ne200100IN6google8protobuf8internal15TaggedStringPtrEEENS_9enable_ifIXaasr21is_move_constructibleIT_EE5valuesr18is_move_assignableIS6_EE5valueEvE4typeERS6_S9_
FNA:0,0,_ZNSt3__14swapB8ne200100IPKvEENS_9enable_ifIXaasr21is_move_constructibleIT_EE5valuesr18is_move_assignableIS4_EE5valueEvE4typeERS4_S7_
FNA:0,0,_ZNSt3__14swapB8ne200100IPN8palantir12CapabilitiesEEENS_9enable_ifIXaasr21is_move_constructibleIT_EE5valuesr18is_move_assignableIS5_EE5valueEvE4typeERS5_S8_
FNA:0,440,_ZNSt3__14swapB8ne200100IcEENS_9enable_ifIXaasr21is_move_constructibleIT_EE5valuesr18is_move_assignableIS2_EE5valueEvE4typeERS2_S5_
FNA:0,55,_ZNSt3__14swapB8ne200100IjEENS_9enable_ifIXaasr21is_move_constructibleIT_EE5valuesr18is_move_assignableIS2_EE5valueEvE4typeERS2_S5_
FNA:0,55,_ZNSt3__14swapB8ne200100IlEENS_9enable_ifIXaasr21is_move_constructibleIT_EE5valuesr18is_move_assignableIS2_EE5valueEvE4typeERS2_S5_
FNA:0,5,_ZNSt3__14swapB8ne200100IxEENS_9enable_ifIXaasr21is_move_constructibleIT_EE5valuesr18is_move_assignableIS2_EE5valueEvE4typeERS2_S5_
FNF:1
FNH:1
DA:42,610
DA:44,610
DA:45,610
DA:46,610
DA:47,610
LF:5
LH:5
end_of_record
TN:
SF:/Library/Developer/CommandLineTools/SDKs/MacOSX.sdk/usr/include/c++/v1/limits
FNL:0,205
FNA:0,20,_ZNSt3__123__libcpp_numeric_limitsIiLb1EE3maxB8ne200100Ev
FNA:0,5,_ZNSt3__123__libcpp_numeric_limitsIjLb1EE3maxB8ne200100Ev
FNA:0,0,_ZNSt3__123__libcpp_numeric_limitsImLb1EE3maxB8ne200100Ev
FNL:1,472
FNA:1,20,_ZNSt3__114numeric_limitsIiE3maxB8ne200100Ev
FNA:1,5,_ZNSt3__114numeric_limitsIjE3maxB8ne200100Ev
FNA:1,0,_ZNSt3__114numeric_limitsImE3maxB8ne200100Ev
FNF:2
FNH:2
DA:205,25
DA:472,25
LF:2
LH:2
end_of_record
TN:
SF:/Library/Developer/CommandLineTools/SDKs/MacOSX.sdk/usr/include/c++/v1/map
FNL:0,1035
FNA:0,55,_ZNSt3__13mapINS_12basic_stringIcNS_11char_traitsIcEENS_9allocatorIcEEEES6_NS_4lessIS6_EENS4_INS_4pairIKS6_S6_EEEEEC1B8ne200100Ev
FNA:0,55,_ZNSt3__13mapINS_12basic_stringIcNS_11char_traitsIcEENS_9allocatorIcEEEES6_NS_4lessIS6_EENS4_INS_4pairIKS6_S6_EEEEEC2B8ne200100Ev
FNL:1,1141
FNA:1,55,_ZNSt3__13mapINS_12basic_stringIcNS_11char_traitsIcEENS_9allocatorIcEEEES6_NS_4lessIS6_EENS4_INS_4pairIKS6_S6_EEEEED1B8ne200100Ev
FNA:1,55,_ZNSt3__13mapINS_12basic_stringIcNS_11char_traitsIcEENS_9allocatorIcEEEES6_NS_4lessIS6_EENS4_INS_4pairIKS6_S6_EEEEED2B8ne200100Ev
FNL:2,1144
FNA:2,55,_ZNKSt3__13mapINS_12basic_stringIcNS_11char_traitsIcEENS_9allocatorIcEEEES6_NS_4lessIS6_EENS4_INS_4pairIKS6_S6_EEEEE5beginB8ne200100Ev
FNL:3,1146
FNA:3,55,_ZNKSt3__13mapINS_12basic_stringIcNS_11char_traitsIcEENS_9allocatorIcEEEES6_NS_4lessIS6_EENS4_INS_4pairIKS6_S6_EEEEE3endB8ne200100Ev
FNL:4,1530
FNA:4,10,_ZNSt3__13mapINS_12basic_stringIcNS_11char_traitsIcEENS_9allocatorIcEEEES6_NS_4lessIS6_EENS4_INS_4pairIKS6_S6_EEEEEixEOS6_
FNL:5,643
FNA:5,55,_ZNSt3__119__map_value_compareINS_12basic_stringIcNS_11char_traitsIcEENS_9allocatorIcEEEENS_12__value_typeIS6_S6_EENS_4lessIS6_EELb1EEC1B8ne200100ESA_
FNA:5,55,_ZNSt3__119__map_value_compareINS_12basic_stringIcNS_11char_traitsIcEENS_9allocatorIcEEEENS_12__value_typeIS6_S6_EENS_4lessIS6_EELb1EEC2B8ne200100ESA_
FNL:6,649
FNA:6,0,_ZNKSt3__119__map_value_compareINS_12basic_stringIcNS_11char_traitsIcEENS_9allocatorIcEEEENS_12__value_typeIS6_S6_EENS_4lessIS6_EELb1EEclB8ne200100ERKS8_RKS6_
FNL:7,652
FNA:7,5,_ZNKSt3__119__map_value_compareINS_12basic_stringIcNS_11char_traitsIcEENS_9allocatorIcEEEENS_12__value_typeIS6_S6_EENS_4lessIS6_EELb1EEclB8ne200100ERKS6_RKS8_
FNL:8,780
FNA:8,30,_ZNSt3__112__value_typeINS_12basic_stringIcNS_11char_traitsIcEENS_9allocatorIcEEEES6_E11__get_valueB8ne200100Ev
FNL:9,788
FNA:9,15,_ZNKSt3__112__value_typeINS_12basic_stringIcNS_11char_traitsIcEENS_9allocatorIcEEEES6_E11__get_valueB8ne200100Ev
FNL:10,932
FNA:10,110,_ZNSt3__120__map_const_iteratorINS_21__tree_const_iteratorINS_12__value_typeINS_12basic_stringIcNS_11char_traitsIcEENS_9allocatorIcEEEES8_EEPNS_11__tree_nodeIS9_PvEElEEEC1B8ne200100ESE_
FNA:10,110,_ZNSt3__120__map_const_iteratorINS_21__tree_const_iteratorINS_12__value_typeINS_12basic_stringIcNS_11char_traitsIcEENS_9allocatorIcEEEES8_EEPNS_11__tree_nodeIS9_PvEElEEEC2B8ne200100ESE_
FNL:11,936
FNA:11,10,_ZNKSt3__120__map_const_iteratorINS_21__tree_const_iteratorINS_12__value_typeINS_12basic_stringIcNS_11char_traitsIcEENS_9allocatorIcEEEES8_EEPNS_11__tree_nodeIS9_PvEElEEEdeB8ne200100Ev
FNL:12,939
FNA:12,10,_ZNSt3__120__map_const_iteratorINS_21__tree_const_iteratorINS_12__value_typeINS_12basic_stringIcNS_11char_traitsIcEENS_9allocatorIcEEEES8_EEPNS_11__tree_nodeIS9_PvEElEEEppB8ne200100Ev
FNL:13,962
FNA:13,65,_ZNSt3__1neB8ne200100ERKNS_20__map_const_iteratorINS_21__tree_const_iteratorINS_12__value_typeINS_12basic_stringIcNS_11char_traitsIcEENS_9allocatorIcEEEES8_EEPNS_11__tree_nodeIS9_PvEElEEEESH_
FNF:14
FNH:13
DA:643,110
DA:644,110
DA:649,0
DA:650,0
DA:652,5
DA:653,5
DA:780,30
DA:782,30
DA:788,15
DA:790,15
DA:932,220
DA:936,10
DA:939,10
DA:940,10
DA:941,10
DA:962,65
DA:963,65
DA:1035,110
DA:1038,110
DA:1141,110
DA:1144,55
DA:1146,55
DA:1530,10
DA:1533,30
DA:1534,10
DA:1535,10
DA:1536,20
DA:1537,10
LF:28
LH:26
end_of_record
TN:
SF:/Library/Developer/CommandLineTools/SDKs/MacOSX.sdk/usr/include/c++/v1/optional
FNL:0,298
FNA:0,55,_ZNSt3__124__optional_destruct_baseIN8palantir15MessageEnvelopeELb0EED2B8ne200100Ev
FNL:1,303
FNA:1,0,_ZNSt3__124__optional_destruct_baseIN8palantir15MessageEnvelopeELb0EEC2B8ne200100Ev
FNL:2,306
FNA:2,55,_ZNSt3__124__optional_destruct_baseIN8palantir15MessageEnvelopeELb0EEC2B8ne200100IJS2_EEENS_10in_place_tEDpOT_
FNL:3,355
FNA:3,0,_ZNSt3__123__optional_storage_baseIN8palantir15MessageEnvelopeELb0EEC2Ev
FNA:3,55,_ZNSt3__123__optional_storage_baseIN8palantir15MessageEnvelopeELb0EED2Ev
FNL:4,358
FNA:4,55,_ZNSt3__123__optional_storage_baseIN8palantir15MessageEnvelopeELb0EECI2NS_24__optional_destruct_baseIS2_Lb0EEEIJS2_EEENS_10in_place_tEDpOT_
FNL:5,360
FNA:5,55,_ZNKSt3__123__optional_storage_baseIN8palantir15MessageEnvelopeELb0EE9has_valueB8ne200100Ev
FNL:6,362
FNA:6,100,_ZNRSt3__123__optional_storage_baseIN8palantir15MessageEnvelopeELb0EE5__getB8ne200100Ev
FNL:7,472
FNA:7,55,_ZNSt3__120__optional_copy_baseIN8palantir15MessageEnvelopeELb0EED2Ev
FNL:8,473
FNA:8,55,_ZNSt3__120__optional_copy_baseIN8palantir15MessageEnvelopeELb0EECI2NS_24__optional_destruct_baseIS2_Lb0EEEIJS2_EEENS_10in_place_tEDpOT_
FNL:9,475
FNA:9,0,_ZNSt3__120__optional_copy_baseIN8palantir15MessageEnvelopeELb0EEC2B8ne200100Ev
FNL:10,492
FNA:10,55,_ZNSt3__120__optional_move_baseIN8palantir15MessageEnvelopeELb0EED2Ev
FNL:11,494
FNA:11,55,_ZNSt3__120__optional_move_baseIN8palantir15MessageEnvelopeELb0EECI2NS_24__optional_destruct_baseIS2_Lb0EEEIJS2_EEENS_10in_place_tEDpOT_
FNL:12,496
FNA:12,0,_ZNSt3__120__optional_move_baseIN8palantir15MessageEnvelopeELb0EEC2B8ne200100Ev
FNL:13,516
FNA:13,55,_ZNSt3__127__optional_copy_assign_baseIN8palantir15MessageEnvelopeELb0EED2Ev
FNL:14,517
FNA:14,55,_ZNSt3__127__optional_copy_assign_baseIN8palantir15MessageEnvelopeELb0EECI2NS_24__optional_destruct_baseIS2_Lb0EEEIJS2_EEENS_10in_place_tEDpOT_
FNL:15,519
FNA:15,0,_ZNSt3__127__optional_copy_assign_baseIN8palantir15MessageEnvelopeELb0EEC2B8ne200100Ev
FNL:16,540
FNA:16,55,_ZNSt3__127__optional_move_assign_baseIN8palantir15MessageEnvelopeELb0EED2Ev
FNL:17,542
FNA:17,55,_ZNSt3__127__optional_move_assign_baseIN8palantir15MessageEnvelopeELb0EECI2NS_24__optional_destruct_baseIS2_Lb0EEEIJS2_EEENS_10in_place_tEDpOT_
FNL:18,544
FNA:18,0,_ZNSt3__127__optional_move_assign_baseIN8palantir15MessageEnvelopeELb0EEC2B8ne200100Ev
FNL:19,582
FNA:19,55,_ZNSt3__18optionalIN8palantir15MessageEnvelopeEED1Ev
FNA:19,55,_ZNSt3__18optionalIN8palantir15MessageEnvelopeEED2Ev
FNL:20,673
FNA:20,0,_ZNSt3__18optionalIN8palantir15MessageEnvelopeEEC1B8ne200100ENS_9nullopt_tE
FNA:20,0,_ZNSt3__18optionalIN8palantir15MessageEnvelopeEEC2B8ne200100ENS_9nullopt_tE
FNL:21,690
FNA:21,55,_ZNSt3__18optionalIN8palantir15MessageEnvelopeEEC1B8ne200100IS2_Li0EEEOT_
FNA:21,55,_ZNSt3__18optionalIN8palantir15MessageEnvelopeEEC2B8ne200100IS2_Li0EEEOT_
FNL:22,802
FNA:22,100,_ZNSt3__18optionalIN8palantir15MessageEnvelopeEEptB8ne200100Ev
FNF:23
FNH:17
DA:298,55
DA:299,55
DA:300,55
DA:301,55
DA:303,0
DA:306,55
DA:307,55
DA:360,55
DA:362,100
DA:475,0
DA:496,0
DA:519,0
DA:544,0
DA:673,0
DA:690,110
DA:802,100
DA:804,100
LF:17
LH:11
end_of_record
TN:
SF:/Library/Developer/CommandLineTools/SDKs/MacOSX.sdk/usr/include/c++/v1/stdexcept
FNL:0,155
FNA:0,0,_ZNSt12length_errorC1B8ne200100EPKc
FNA:0,0,_ZNSt12length_errorC2B8ne200100EPKc
FNL:1,166
FNA:1,0,_ZNSt12out_of_rangeC1B8ne200100EPKc
FNA:1,0,_ZNSt12out_of_rangeC2B8ne200100EPKc
FNL:2,242
FNA:2,0,_ZNSt3__120__throw_length_errorB8ne200100EPKc
FNL:3,254
FNA:3,0,_ZNSt3__120__throw_out_of_rangeB8ne200100EPKc
FNF:4
FNH:0
DA:155,0
DA:166,0
DA:242,0
DA:244,0
DA:252,0
DA:254,0
DA:256,0
DA:264,0
LF:8
LH:0
end_of_record
TN:
SF:/Library/Developer/CommandLineTools/SDKs/MacOSX.sdk/usr/include/c++/v1/string
FNL:0,1006
FNA:0,135,_ZNSt3__112basic_stringIcNS_11char_traitsIcEENS_9allocatorIcEEEC1B8ne200100Ev
FNA:0,135,_ZNSt3__112basic_stringIcNS_11char_traitsIcEENS_9allocatorIcEEEC2B8ne200100Ev
FNL:1,1022
FNA:1,10,_ZNSt3__112basic_stringIcNS_11char_traitsIcEENS_9allocatorIcEEEC1ERKS5_
FNA:1,10,_ZNSt3__112basic_stringIcNS_11char_traitsIcEENS_9allocatorIcEEEC2ERKS5_
FNL:2,1042
FNA:2,10,_ZNSt3__112basic_stringIcNS_11char_traitsIcEENS_9allocatorIcEEEC1B8ne200100EOS5_
FNA:2,10,_ZNSt3__112basic_stringIcNS_11char_traitsIcEENS_9allocatorIcEEEC2B8ne200100EOS5_
FNL:3,1051
FNA:3,10,_ZZNSt3__112basic_stringIcNS_11char_traitsIcEENS_9allocatorIcEEEC1B8ne200100EOS5_ENKUlRS5_E_clES7_
FNL:4,1082
FNA:4,10,_ZNSt3__112basic_stringIcNS_11char_traitsIcEENS_9allocatorIcEEEC1B8ne200100ILi0EEEPKc
FNA:4,10,_ZNSt3__112basic_stringIcNS_11char_traitsIcEENS_9allocatorIcEEEC2B8ne200100ILi0EEEPKc
FNL:5,1226
FNA:5,155,_ZNSt3__112basic_stringIcNS_11char_traitsIcEENS_9allocatorIcEEED1Ev
FNA:5,155,_ZNSt3__112basic_stringIcNS_11char_traitsIcEENS_9allocatorIcEEED2Ev
FNL:6,1232
FNA:6,93,_ZNKSt3__112basic_stringIcNS_11char_traitsIcEENS_9allocatorIcEEEcvNS_17basic_string_viewIcS2_EEB8ne200100Ev
FNL:7,1259
FNA:7,10,_ZNSt3__112basic_stringIcNS_11char_traitsIcEENS_9allocatorIcEEEaSB8ne200100EPKc
FNL:8,1300
FNA:8,448,_ZNKSt3__112basic_stringIcNS_11char_traitsIcEENS_9allocatorIcEEE4sizeB8ne200100Ev
FNL:9,1303
FNA:9,35,_ZNKSt3__112basic_stringIcNS_11char_traitsIcEENS_9allocatorIcEEE6lengthB8ne200100Ev
FNL:10,1305
FNA:10,0,_ZNKSt3__112basic_stringIcNS_11char_traitsIcEENS_9allocatorIcEEE8max_sizeB8ne200100Ev
FNL:11,1340
FNA:11,145,_ZNKSt3__112basic_stringIcNS_11char_traitsIcEENS_9allocatorIcEEE5emptyB8ne200100Ev
FNL:12,1720
FNA:12,158,_ZNKSt3__112basic_stringIcNS_11char_traitsIcEENS_9allocatorIcEEE4dataB8ne200100Ev
FNL:13,1724
FNA:13,45,_ZNSt3__112basic_stringIcNS_11char_traitsIcEENS_9allocatorIcEEE4dataB8ne200100Ev
FNL:14,1888
FNA:14,836,_ZNKSt3__112basic_stringIcNS_11char_traitsIcEENS_9allocatorIcEEE9__is_longB8ne200100Ev
FNL:15,1895
FNA:15,0,_ZNSt3__112basic_stringIcNS_11char_traitsIcEENS_9allocatorIcEEE16__begin_lifetimeB8ne200100EPcm
FNL:16,1907
FNA:16,0,_ZNSt3__112basic_stringIcNS_11char_traitsIcEENS_9allocatorIcEEE13__fits_in_ssoB8ne200100Em
FNL:17,1966
FNA:17,0,_ZNSt3__112basic_stringIcNS_11char_traitsIcEENS_9allocatorIcEEE16__set_short_sizeB8ne200100Em
FNL:18,1973
FNA:18,358,_ZNKSt3__112basic_stringIcNS_11char_traitsIcEENS_9allocatorIcEEE16__get_short_sizeB8ne200100Ev
FNL:19,1978
FNA:19,0,_ZNSt3__112basic_stringIcNS_11char_traitsIcEENS_9allocatorIcEEE15__set_long_sizeB8ne200100Em
FNL:20,1982
FNA:20,100,_ZNKSt3__112basic_stringIcNS_11char_traitsIcEENS_9allocatorIcEEE15__get_long_sizeB8ne200100Ev
FNL:21,1994
FNA:21,0,_ZNSt3__112basic_stringIcNS_11char_traitsIcEENS_9allocatorIcEEE14__set_long_capB8ne200100Em
FNL:22,2000
FNA:22,40,_ZNKSt3__112basic_stringIcNS_11char_traitsIcEENS_9allocatorIcEEE14__get_long_capB8ne200100Ev
FNL:23,2005
FNA:23,0,_ZNSt3__112basic_stringIcNS_11char_traitsIcEENS_9allocatorIcEEE18__set_long_pointerB8ne200100EPc
FNL:24,2009
FNA:24,55,_ZNSt3__112basic_stringIcNS_11char_traitsIcEENS_9allocatorIcEEE18__get_long_pointerB8ne200100Ev
FNL:25,2014
FNA:25,30,_ZNKSt3__112basic_stringIcNS_11char_traitsIcEENS_9allocatorIcEEE18__get_long_pointerB8ne200100Ev
FNL:26,2020
FNA:26,30,_ZNSt3__112basic_stringIcNS_11char_traitsIcEENS_9allocatorIcEEE19__get_short_pointerB8ne200100Ev
FNL:27,2025
FNA:27,128,_ZNKSt3__112basic_stringIcNS_11char_traitsIcEENS_9allocatorIcEEE19__get_short_pointerB8ne200100Ev
FNL:28,2029
FNA:28,45,_ZNSt3__112basic_stringIcNS_11char_traitsIcEENS_9allocatorIcEEE13__get_pointerB8ne200100Ev
FNL:29,2032
FNA:29,158,_ZNKSt3__112basic_stringIcNS_11char_traitsIcEENS_9allocatorIcEEE13__get_pointerB8ne200100Ev
FNL:30,2051
FNA:30,165,_ZNKSt3__112basic_stringIcNS_11char_traitsIcEENS_9allocatorIcEEE14__annotate_newB8ne200100Em
FNL:31,2059
FNA:31,165,_ZNKSt3__112basic_stringIcNS_11char_traitsIcEENS_9allocatorIcEEE17__annotate_deleteB8ne200100Ev
FNL:32,2074
FNA:32,0,_ZNKSt3__112basic_stringIcNS_11char_traitsIcEENS_9allocatorIcEEE17__annotate_shrinkB8ne200100Em
FNL:33,2083
FNA:33,0,_ZNSt3__112basic_stringIcNS_11char_traitsIcEENS_9allocatorIcEEE10__align_itB8ne200100ILm8EEEmm
FNL:34,2087
FNA:34,0,_ZNSt3__112basic_stringIcNS_11char_traitsIcEENS_9allocatorIcEEE11__recommendB8ne200100Em
FNL:35,2260
FNA:35,0,_ZNSt3__112basic_stringIcNS_11char_traitsIcEENS_9allocatorIcEEE20__throw_length_errorB8ne200100Ev
FNL:36,2264
FNA:36,0,_ZNSt3__112basic_stringIcNS_11char_traitsIcEENS_9allocatorIcEEE20__throw_out_of_rangeB8ne200100Ev
FNL:37,2358
FNA:37,0,_ZNSt3__112basic_stringIcNS_11char_traitsIcEENS_9allocatorIcEEE6__initEPKcm
FNL:38,2382
FNA:38,0,_ZNSt3__112basic_stringIcNS_11char_traitsIcEENS_9allocatorIcEEE25__init_copy_ctor_externalEPKcm
FNL:39,3318
FNA:39,0,_ZNSt3__112basic_stringIcNS_11char_traitsIcEENS_9allocatorIcEEE5clearB8ne200100Ev
FNL:40,3726
FNA:40,5,_ZNKSt3__112basic_stringIcNS_11char_traitsIcEENS_9allocatorIcEEE7compareINS_17basic_string_viewIcS2_EELi0EEEiRKT_
FNL:41,3742
FNA:41,5,_ZNKSt3__112basic_stringIcNS_11char_traitsIcEENS_9allocatorIcEEE7compareB8ne200100ERKS5_
FNL:42,3747
FNA:42,0,_ZNKSt3__112basic_stringIcNS_11char_traitsIcEENS_9allocatorIcEEE7compareEmmPKcm
FNL:43,3848
FNA:43,30,_ZNSt3__1eqB8ne200100IcNS_11char_traitsIcEENS_9allocatorIcEEEEbRKNS_12basic_stringIT_T0_T1_EEPKS6_
FNL:44,3908
FNA:44,5,_ZNSt3__1ltB8ne200100IcNS_11char_traitsIcEENS_9allocatorIcEEEEbRKNS_12basic_stringIT_T0_T1_EESB_
FNF:45
FNH:29
DA:1006,405
DA:1008,270
DA:1009,135
DA:1010,270
DA:1022,20
DA:1023,20
DA:1024,10
DA:1025,10
DA:1026,10
DA:1027,10
DA:1028,0
DA:1029,20
DA:1042,20
DA:1051,30
DA:1052,10
DA:1053,10
DA:1054,10
DA:1055,10
DA:1056,20
DA:1057,10
DA:1058,10
DA:1059,10
DA:1060,10
DA:1061,20
DA:1082,20
DA:1084,10
DA:1085,20
DA:1226,310
DA:1227,155
DA:1228,155
DA:1229,40
DA:1230,310
DA:1232,93
DA:1233,93
DA:1259,10
DA:1260,10
DA:1300,448
DA:1301,448
DA:1303,35
DA:1305,0
DA:1306,0
DA:1307,0
DA:1308,0
DA:1310,0
DA:1311,0
DA:1312,0
DA:1313,0
DA:1340,145
DA:1341,145
DA:1720,158
DA:1721,158
DA:1724,45
DA:1725,45
DA:1888,836
DA:1892,836
DA:1895,0
DA:1905,0
DA:1907,0
DA:1966,0
DA:1968,0
DA:1969,0
DA:1970,0
DA:1973,358
DA:1975,358
DA:1978,0
DA:1979,0
DA:1980,0
DA:1982,100
DA:1984,100
DA:1994,0
DA:1996,0
DA:1997,0
DA:1998,0
DA:2000,40
DA:2002,40
DA:2005,0
DA:2006,0
DA:2007,0
DA:2009,55
DA:2011,55
DA:2014,30
DA:2016,30
DA:2020,30
DA:2021,30
DA:2025,128
DA:2026,128
DA:2029,45
DA:2030,45
DA:2032,158
DA:2033,158
DA:2051,165
DA:2057,165
DA:2059,165
DA:2064,165
DA:2074,0
DA:2080,0
DA:2083,0
DA:2084,0
DA:2087,0
DA:2088,0
DA:2089,0
DA:2091,0
DA:2092,0
DA:2093,0
DA:2094,0
DA:2097,0
DA:2098,0
DA:2260,0
DA:2261,0
DA:2264,0
DA:2265,0
DA:2358,0
DA:2361,0
DA:2362,0
DA:2363,0
DA:2364,0
DA:2365,0
DA:2366,0
DA:2367,0
DA:2368,0
DA:2369,0
DA:2370,0
DA:2371,0
DA:2372,0
DA:2373,0
DA:2374,0
DA:2375,0
DA:2376,0
DA:2377,0
DA:2378,0
DA:2382,0
DA:2386,0
DA:2387,0
DA:2388,0
DA:2389,0
DA:2390,0
DA:2391,0
DA:2392,0
DA:2393,0
DA:2394,0
DA:2395,0
DA:2396,0
DA:2397,0
DA:2398,0
DA:2399,0
DA:2400,0
DA:2401,0
DA:2402,0
DA:3318,0
DA:3319,0
DA:3320,0
DA:3321,0
DA:3322,0
DA:3323,0
DA:3324,0
DA:3325,0
DA:3327,0
DA:3328,0
DA:3726,5
DA:3727,5
DA:3728,5
DA:3729,5
DA:3730,5
DA:3731,5
DA:3732,5
DA:3733,0
DA:3734,0
DA:3735,0
DA:3736,0
DA:3737,0
DA:3738,5
DA:3742,5
DA:3743,5
DA:3747,0
DA:3750,0
DA:3751,0
DA:3752,0
DA:3753,0
DA:3754,0
DA:3755,0
DA:3756,0
DA:3757,0
DA:3758,0
DA:3759,0
DA:3760,0
DA:3761,0
DA:3762,0
DA:3848,30
DA:3853,30
DA:3854,30
DA:3855,0
DA:3856,0
DA:3857,0
DA:3858,30
DA:3859,0
DA:3860,30
DA:3861,30
DA:3908,5
DA:3910,5
LF:199
LH:86
end_of_record
TN:
SF:/Library/Developer/CommandLineTools/SDKs/MacOSX.sdk/usr/include/c++/v1/string_view
FNL:0,272
FNA:0,80,_ZNSt3__128__char_traits_length_checkedB8ne200100INS_11char_traitsIcEEEEmPKNT_9char_typeE
FNL:1,351
FNA:1,80,_ZNSt3__117basic_string_viewIcNS_11char_traitsIcEEEC1B8ne200100EPKc
FNA:1,80,_ZNSt3__117basic_string_viewIcNS_11char_traitsIcEEEC2B8ne200100EPKc
FNL:2,396
FNA:2,151,_ZNKSt3__117basic_string_viewIcNS_11char_traitsIcEEE4sizeB8ne200100Ev
FNL:3,423
FNA:3,95,_ZNKSt3__117basic_string_viewIcNS_11char_traitsIcEEE4dataB8ne200100Ev
FNL:4,464
FNA:4,10,_ZNKSt3__117basic_string_viewIcNS_11char_traitsIcEEE7compareES3_
FNL:5,692
FNA:5,93,_ZNSt3__117basic_string_viewIcNS_11char_traitsIcEEEC1B8ne200100ENS3_14__assume_validEPKcm
FNA:5,93,_ZNSt3__117basic_string_viewIcNS_11char_traitsIcEEEC2B8ne200100ENS3_14__assume_validEPKcm
FNL:6,758
FNA:6,18,_ZNSt3__1eqB8ne200100IcNS_11char_traitsIcEEEEbNS_17basic_string_viewIT_T0_EES6_
FNF:7
FNH:7
DA:272,80
DA:274,80
DA:276,80
DA:351,160
DA:352,160
DA:396,151
DA:423,95
DA:464,10
DA:465,10
DA:466,10
DA:467,10
DA:468,10
DA:469,20
DA:470,10
DA:692,186
DA:693,93
DA:694,186
DA:758,18
DA:759,18
DA:760,8
DA:761,10
DA:762,18
LF:22
LH:22
end_of_record
TN:
SF:/Library/Developer/CommandLineTools/SDKs/MacOSX.sdk/usr/include/c++/v1/tuple
FNL:0,1072
FNA:0,10,_ZNSt3__13getB8ne200100ILm0EJONS_12basic_stringIcNS_11char_traitsIcEENS_9allocatorIcEEEEEEERNS_13tuple_elementIXT_ENS_5tupleIJDpT0_EEEE4typeERSC_
FNL:1,1079
FNA:1,25,_ZNSt3__13getB8ne200100ILm0EJRKNS_17basic_string_viewIcNS_11char_traitsIcEEEERKPvEEERKNS_13tuple_elementIXT_ENS_5tupleIJDpT0_EEEE4typeERKSE_
FNA:1,25,_ZNSt3__13getB8ne200100ILm1EJRKNS_17basic_string_viewIcNS_11char_traitsIcEEEERKPvEEERKNS_13tuple_elementIXT_ENS_5tupleIJDpT0_EEEE4typeERKSE_
FNL:2,1125
FNA:2,25,_ZNSt3__13tieB8ne200100IJKNS_17basic_string_viewIcNS_11char_traitsIcEEEEKPvEEENS_5tupleIJDpRT_EEESB_
FNL:3,1136
FNA:3,10,_ZNSt3__116forward_as_tupleB8ne200100IJEEENS_5tupleIJDpOT_EEES4_
FNA:3,10,_ZNSt3__116forward_as_tupleB8ne200100IJNS_12basic_stringIcNS_11char_traitsIcEENS_9allocatorIcEEEEEEENS_5tupleIJDpOT_EEESA_
FNL:4,346
FNA:4,10,_ZNSt3__112__tuple_leafILm0EONS_12basic_stringIcNS_11char_traitsIcEENS_9allocatorIcEEEELb0EEC2B8ne200100IS6_Li0EEEOT_
FNA:4,25,_ZNSt3__112__tuple_leafILm0ERKNS_17basic_string_viewIcNS_11char_traitsIcEEEELb0EEC2B8ne200100IS6_Li0EEEOT_
FNA:4,25,_ZNSt3__112__tuple_leafILm1ERKPvLb0EEC2B8ne200100IS3_Li0EEEOT_
FNL:5,389
FNA:5,10,_ZNSt3__112__tuple_leafILm0EONS_12basic_stringIcNS_11char_traitsIcEENS_9allocatorIcEEEELb0EE3getB8ne200100Ev
FNL:6,390
FNA:6,25,_ZNKSt3__112__tuple_leafILm0ERKNS_17basic_string_viewIcNS_11char_traitsIcEEEELb0EE3getB8ne200100Ev
FNA:6,25,_ZNKSt3__112__tuple_leafILm1ERKPvLb0EE3getB8ne200100Ev
FNL:7,471
FNA:7,10,_ZNSt3__112__tuple_implINS_15__tuple_indicesIJLm0EEEEJONS_12basic_stringIcNS_11char_traitsIcEENS_9allocatorIcEEEEEEC1B8ne200100IJLm0EEJS9_EJEJEJS8_EEENS1_IJXspT_EEEENS_13__tuple_typesIJDpT0_EEENS1_IJXspT1_EEEENSD_IJDpT2_EEEDpOT3_
FNA:7,10,_ZNSt3__112__tuple_implINS_15__tuple_indicesIJLm0EEEEJONS_12basic_stringIcNS_11char_traitsIcEENS_9allocatorIcEEEEEEC2B8ne200100IJLm0EEJS9_EJEJEJS8_EEENS1_IJXspT_EEEENS_13__tuple_typesIJDpT0_EEENS1_IJXspT1_EEEENSD_IJDpT2_EEEDpOT3_
FNA:7,25,_ZNSt3__112__tuple_implINS_15__tuple_indicesIJLm0ELm1EEEEJRKNS_17basic_string_viewIcNS_11char_traitsIcEEEERKPvEEC1B8ne200100IJLm0ELm1EEJS8_SB_EJEJEJS8_SB_EEENS1_IJXspT_EEEENS_13__tuple_typesIJDpT0_EEENS1_IJXspT1_EEEENSF_IJDpT2_EEEDpOT3_
FNA:7,25,_ZNSt3__112__tuple_implINS_15__tuple_indicesIJLm0ELm1EEEEJRKNS_17basic_string_viewIcNS_11char_traitsIcEEEERKPvEEC2B8ne200100IJLm0ELm1EEJS8_SB_EJEJEJS8_SB_EEENS1_IJXspT_EEEENS_13__tuple_typesIJDpT0_EEENS1_IJXspT1_EEEENSF_IJDpT2_EEEDpOT3_
FNL:8,586
FNA:8,25,_ZNSt3__15tupleIJRKNS_17basic_string_viewIcNS_11char_traitsIcEEEERKPvEEC1B8ne200100INS_4_AndELi0EEES6_S9_
FNA:8,25,_ZNSt3__15tupleIJRKNS_17basic_string_viewIcNS_11char_traitsIcEEEERKPvEEC2B8ne200100INS_4_AndELi0EEES6_S9_
FNL:9,623
FNA:9,10,_ZNSt3__15tupleIJONS_12basic_stringIcNS_11char_traitsIcEENS_9allocatorIcEEEEEEC1B8ne200100IJS6_ELi0EEEDpOT_
FNA:9,10,_ZNSt3__15tupleIJONS_12basic_stringIcNS_11char_traitsIcEENS_9allocatorIcEEEEEEC2B8ne200100IJS6_ELi0EEEDpOT_
FNF:10
FNH:10
DA:346,60
DA:347,60
DA:350,60
DA:389,10
DA:390,50
DA:471,70
DA:478,70
DA:586,50
DA:587,50
DA:591,75
DA:623,20
DA:624,20
DA:628,30
DA:1072,10
DA:1074,10
DA:1079,50
DA:1081,50
DA:1125,25
DA:1126,25
DA:1136,20
DA:1137,20
LF:21
LH:21
end_of_record
TN:
SF:/Users/underlord/Qt/6.10.1/macos/lib/QtCore.framework/Headers/q20utility.h
FNL:0,42,50
FNA:0,5,_ZN3q206detail22checkTypeCompatibilityImjEEvv
FNL:1,54,63
FNA:1,5,_ZN3q209cmp_equalImjEEbT_T0_
FNF:2
FNH:2
DA:42,5
DA:50,5
DA:54,5
DA:58,5
DA:63,5
LF:5
LH:5
end_of_record
TN:
SF:/Users/underlord/Qt/6.10.1/macos/lib/QtCore.framework/Headers/qanystringview.h
FNL:0,115,119
FNA:0,20,_ZN14QAnyStringView29isAsciiOnlyCharsAtCompileTimeIKcEEbPT_x
FNL:1,134,142
FNA:1,20,_ZN14QAnyStringView10encodeTypeIcEEmPKT_x
FNL:2,146,153
FNA:2,20,_ZN14QAnyStringView19lengthHelperPointerIcEExPKT_
FNL:3,183,186
FNA:3,20,_ZN14QAnyStringViewC1IcLb1EEEPKT_x
FNA:3,20,_ZN14QAnyStringViewC2IcLb1EEEPKT_x
FNL:4,200,201
FNA:4,20,_ZN14QAnyStringViewC1IPKcLb1EEERKT_
FNF:5
FNH:5
DA:115,20
DA:119,20
DA:134,20
DA:140,40
DA:141,20
DA:142,20
DA:146,20
DA:153,20
DA:183,40
DA:184,20
DA:185,20
DA:186,40
DA:200,20
DA:201,20
LF:14
LH:14
end_of_record
TN:
SF:/Users/underlord/Qt/6.10.1/macos/lib/QtCore.framework/Headers/qarraydata.h
FNL:0,159,163
FNA:0,55,_ZN15QTypedArrayDataIDsE10deallocateEP10QArrayData
FNA:0,45,_ZN15QTypedArrayDataIcE10deallocateEP10QArrayData
FNL:1,64,66
FNA:1,100,_ZN10QArrayData5derefEv
FNF:2
FNH:2
DA:64,100
DA:66,100
DA:159,100
DA:162,100
DA:163,100
LF:5
LH:5
end_of_record
TN:
SF:/Users/underlord/Qt/6.10.1/macos/lib/QtCore.framework/Headers/qarraydataops.h
FNL:0,82,89
FNA:0,55,_ZN9QtPrivate12QPodArrayOpsIDsE10destroyAllEv
FNA:0,45,_ZN9QtPrivate12QPodArrayOpsIcE10destroyAllEv
FNF:1
FNH:1
DA:82,100
DA:89,100
LF:2
LH:2
end_of_record
TN:
SF:/Users/underlord/Qt/6.10.1/macos/lib/QtCore.framework/Headers/qarraydatapointer.h
FNL:0,106,112
FNA:0,115,_ZN17QArrayDataPointerIDsED1Ev
FNA:0,115,_ZN17QArrayDataPointerIDsED2Ev
FNA:0,50,_ZN17QArrayDataPointerIcED1Ev
FNA:0,50,_ZN17QArrayDataPointerIcED2Ev
FNL:1,114,116
FNA:1,0,_ZNK17QArrayDataPointerIDsE6isNullEv
FNL:2,120,120
FNA:2,90,_ZNK17QArrayDataPointerIcE4dataEv
FNL:3,129,134
FNA:3,5,_ZN17QArrayDataPointerIDsE4swapERS0_
FNL:4,31,34
FNA:4,55,_ZN17QArrayDataPointerIDsEC1Ev
FNA:4,55,_ZN17QArrayDataPointerIDsEC2Ev
FNA:4,5,_ZN17QArrayDataPointerIcEC1Ev
FNA:4,5,_ZN17QArrayDataPointerIcEC2Ev
FNL:5,452,452
FNA:5,115,_ZN17QArrayDataPointerIDsE5derefEv
FNA:5,50,_ZN17QArrayDataPointerIcE5derefEv
FNL:6,77,82
FNA:6,25,_ZN17QArrayDataPointerIDsEC1EOS0_
FNA:6,25,_ZN17QArrayDataPointerIDsEC2EOS0_
FNL:7,91,93
FNA:7,55,_ZN17QArrayDataPointerIDsEptEv
FNA:7,45,_ZN17QArrayDataPointerIcEptEv
FNF:8
FNH:7
DA:31,120
DA:32,60
DA:33,60
DA:34,120
DA:77,50
DA:78,25
DA:79,25
DA:80,25
DA:81,25
DA:82,50
DA:91,100
DA:93,100
DA:106,330
DA:107,165
DA:108,165
DA:109,100
DA:110,100
DA:111,100
DA:112,330
DA:114,0
DA:116,0
DA:120,90
DA:129,5
DA:131,5
DA:132,5
DA:133,5
DA:134,5
DA:452,165
LF:28
LH:26
end_of_record
TN:
SF:/Users/underlord/Qt/6.10.1/macos/lib/QtCore.framework/Headers/qatomic_cxx11.h
FNL:0,264,267
FNA:0,100,_ZN10QAtomicOpsIiE5derefIiEEbRNSt3__16atomicIT_EE
FNF:1
FNH:1
DA:264,100
DA:267,100
LF:2
LH:2
end_of_record
TN:
SF:/Users/underlord/Qt/6.10.1/macos/lib/QtCore.framework/Headers/qbasicatomic.h
FNL:0,49,49
FNA:0,100,_ZN19QBasicAtomicIntegerIiE5derefEv
FNF:1
FNH:1
DA:49,100
LF:1
LH:1
end_of_record
TN:
SF:/Users/underlord/Qt/6.10.1/macos/lib/QtCore.framework/Headers/qbytearray.h
FNL:0,107,107
FNA:0,50,_ZNK10QByteArray7isEmptyEv
FNL:1,136,136
FNA:1,0,_ZNK10QByteArray9constDataEv
FNL:2,513,515
FNA:2,95,_ZNK10QByteArray4sizeEv
FNL:3,516,518
FNA:3,95,_ZZNK10QByteArray4sizeEvENKUlvE_clEv
FNL:4,624,624
FNA:4,5,_ZN10QByteArrayC1Ev
FNA:4,5,_ZN10QByteArrayC2Ev
FNL:5,625,625
FNA:5,50,_ZN10QByteArrayD1Ev
FNA:5,50,_ZN10QByteArrayD2Ev
FNL:6,644,647
FNA:6,45,_ZNK10QByteArray4dataEv
FNF:7
FNH:6
DA:107,50
DA:136,0
DA:513,95
DA:515,95
DA:516,190
DA:517,190
DA:518,95
DA:624,10
DA:625,100
DA:644,45
DA:647,45
LF:11
LH:10
end_of_record
TN:
SF:/Users/underlord/Qt/6.10.1/macos/lib/QtCore.framework/Headers/qbytearrayview.h
FNL:0,137,138
FNA:0,25,_ZN14QByteArrayView10castHelperEPKc
FNL:1,147,149
FNA:1,25,_ZN14QByteArrayViewC1IcLb1EEEPKT_x
FNA:1,25,_ZN14QByteArrayViewC2IcLb1EEEPKT_x
FNL:2,160,162
FNA:2,25,_ZN14QByteArrayViewC1IPKcLb1EEERKT_
FNL:3,70,81
FNA:3,25,_ZN9QtPrivateL19lengthHelperPointerIcEExPKT_
FNF:4
FNH:4
DA:70,25
DA:75,25
DA:76,25
DA:77,0
DA:78,525
DA:79,500
DA:80,25
DA:81,25
DA:137,25
DA:138,25
DA:147,50
DA:148,25
DA:149,50
DA:160,25
DA:161,25
DA:162,25
LF:16
LH:15
end_of_record
TN:
SF:/Users/underlord/Qt/6.10.1/macos/lib/QtCore.framework/Headers/qchar.h
FNL:0,132,132
FNA:0,10,_ZN5QCharC1IDsLb1EEET_
FNA:0,10,_ZN5QCharC2IDsLb1EEET_
FNF:1
FNH:1
DA:132,20
LF:1
LH:1
end_of_record
TN:
SF:/Users/underlord/Qt/6.10.1/macos/lib/QtCore.framework/Headers/qdebug.h
FNL:0,113,113
FNA:0,0,_ZN6QDebug10maybeSpaceEv
FNL:1,149,149
FNA:1,0,_ZN6QDebuglsE20QBasicUtf8StringViewILb0EE
FNL:2,172,173
FNA:2,0,_ZN6QDebuglsIJNSt3__111char_traitsIcEENS1_9allocatorIcEEEEERS_RKNS1_12basic_stringIcDpT_EE
FNL:3,249,252
FNA:3,0,_ZN6QDebug16streamTypeErasedINSt3__112basic_stringIcNS1_11char_traitsIcEENS1_9allocatorIcEEEEEEvRS_PKv
FNL:4,290,292
FNA:4,0,_ZN6QDebug7toBytesINSt3__112basic_stringIcNS1_11char_traitsIcEENS1_9allocatorIcEEEEEE10QByteArrayRKT_
FNF:5
FNH:0
DA:113,0
DA:149,0
DA:172,0
DA:173,0
DA:249,0
DA:251,0
DA:252,0
DA:290,0
DA:292,0
LF:9
LH:0
end_of_record
TN:
SF:/Users/underlord/Qt/6.10.1/macos/lib/QtCore.framework/Headers/qmetatype.h
FNL:0,1013,1013
FNA:0,0,_ZN9QtPrivate17MetaObjectForTypeI19EnvelopeHelpersTestvE18metaObjectFunctionEPKNS_18QMetaTypeInterfaceE
FNL:1,2474,2474
FNA:1,0,_ZZN9QtPrivate16QMetaTypeForTypeI19EnvelopeHelpersTestE13getDefaultCtrEvENKUlPKNS_18QMetaTypeInterfaceEPvE_clES5_S6_
FNA:1,0,_ZZN9QtPrivate16QMetaTypeForTypeI19EnvelopeHelpersTestE13getDefaultCtrEvENUlPKNS_18QMetaTypeInterfaceEPvE_8__invokeES5_S6_
FNL:2,2512,2514
FNA:2,0,_ZZN9QtPrivate16QMetaTypeForTypeI19EnvelopeHelpersTestE7getDtorEvENKUlPKNS_18QMetaTypeInterfaceEPvE_clES5_S6_
FNA:2,0,_ZZN9QtPrivate16QMetaTypeForTypeI19EnvelopeHelpersTestE7getDtorEvENUlPKNS_18QMetaTypeInterfaceEPvE_8__invokeES5_S6_
FNL:3,459,798
FNA:3,0,_ZN9QMetaTypeC1Ev
FNA:3,0,_ZN9QMetaTypeC2Ev
FNF:4
FNH:0
DA:459,0
DA:798,0
DA:1013,0
DA:2474,0
DA:2512,0
DA:2513,0
DA:2514,0
LF:7
LH:0
end_of_record
TN:
SF:/Users/underlord/Qt/6.10.1/macos/lib/QtCore.framework/Headers/qminmax.h
FNL:0,21,21
FNA:0,5,_Z4qMaxIiERKT_S2_S2_
FNF:1
FNH:1
DA:21,5
LF:1
LH:1
end_of_record
TN:
SF:/Users/underlord/Qt/6.10.1/macos/lib/QtCore.framework/Headers/qscopedpointer.h
FNL:0,90,92
FNA:0,115,_ZNK14QScopedPointerI11QObjectData21QScopedPointerDeleterIS0_EEptEv
FNF:1
FNH:1
DA:90,115
DA:92,115
LF:2
LH:2
end_of_record
TN:
SF:/Users/underlord/Qt/6.10.1/macos/lib/QtCore.framework/Headers/qstring.h
FNL:0,1093,1093
FNA:0,0,_ZNK7QString6isNullEv
FNL:1,1353,1354
FNA:1,0,_ZN7QString5clearEv
FNL:2,1425,1425
FNA:2,55,_ZN7QStringC1Ev
FNA:2,55,_ZN7QStringC2Ev
FNL:3,1426,1426
FNA:3,115,_ZN7QStringD1Ev
FNA:3,115,_ZN7QStringD2Ev
FNL:4,1466,1467
FNA:4,20,_ZNK7QString8containsERKS_N2Qt15CaseSensitivityE
FNL:5,228,229
FNA:5,25,_ZN7QStringC1EOS_
FNA:5,25,_ZN7QStringC2EOS_
FNL:6,230,230
FNA:6,5,_ZN7QStringaSEOS_
FNL:7,231,231
FNA:7,5,_ZN7QString4swapERS_
FNL:8,238,240
FNA:8,50,_ZNK7QString4sizeEv
FNL:9,241,243
FNA:9,50,_ZZNK7QString4sizeEvENKUlvE_clEv
FNL:10,249,249
FNA:10,50,_ZNK7QString7isEmptyEv
FNL:11,324,335
FNA:11,0,_ZNK7QString3argIiLb1EEES_T_ii5QChar
FNA:11,10,_ZNK7QString3argIjLb1EEES_T_ii5QChar
FNL:12,938,940
FNA:12,25,_ZN7QStringC1EPKc
FNL:13,944,951
FNA:13,20,_ZN7QStringaSEPKc
FNF:14
FNH:12
DA:228,50
DA:229,50
DA:230,5
DA:231,5
DA:238,50
DA:240,50
DA:241,100
DA:242,100
DA:243,50
DA:249,50
DA:324,10
DA:333,0
DA:335,10
DA:938,25
DA:939,25
DA:940,25
DA:944,20
DA:946,20
DA:947,0
DA:948,0
DA:950,20
DA:951,20
DA:1093,0
DA:1353,0
DA:1354,0
DA:1425,110
DA:1426,230
DA:1466,20
DA:1467,20
LF:29
LH:23
end_of_record
TN:
SF:/Users/underlord/Qt/6.10.1/macos/lib/QtCore.framework/Headers/qswap.h
FNL:0,29,34
FNA:0,5,_Z11qt_ptr_swapI15QTypedArrayDataIDsEEvRPT_S4_
FNA:0,5,_Z11qt_ptr_swapIDsEvRPT_S2_
FNF:1
FNH:1
DA:29,10
DA:31,10
DA:32,10
DA:33,10
DA:34,10
LF:5
LH:5
end_of_record
TN:
SF:/Users/underlord/Qt/6.10.1/macos/lib/QtCore.framework/Headers/qutf8stringview.h
FNL:0,134,136
FNA:0,0,_ZN20QBasicUtf8StringViewILb0EE21lengthHelperContainerINSt3__112basic_stringIcNS2_11char_traitsIcEENS2_9allocatorIcEEEEEExRKT_
FNL:1,150,151
FNA:1,0,_ZN20QBasicUtf8StringViewILb0EE10castHelperEPKc
FNL:2,160,162
[...]
FNA:2,375,_ZN6google8protobuf8internal6detail12PrefetchLineIL_ZZNS1_8PrefetchIL_ZZNS1_24Prefetch5LinesFrom7LinesEPKvE5kOptsEvvEEvPKT1_E11kScaledOptsEEEvS6_m
FNL:3,531,552
FNA:3,0,_ZN6google8protobuf8internal8PrefetchIL_ZZNS0_5Arena13CopyConstructIN8palantir12CapabilitiesEEEPvPS3_PKvE13kPrefetchOptsES6_S6_EEvPKT1_
FNA:3,250,_ZN6google8protobuf8internal8PrefetchIL_ZZNS1_20PrefetchToLocalCacheEPKvE5kOptsEvvEEvPKT1_
FNA:3,75,_ZN6google8protobuf8internal8PrefetchIL_ZZNS1_24Prefetch5LinesFrom7LinesEPKvE5kOptsEvvEEvPKT1_
FNL:4,565,572
FNA:4,75,_ZN6google8protobuf8internal24Prefetch5LinesFrom7LinesEPKv
FNL:5,586,593
FNA:5,250,_ZN6google8protobuf8internal20PrefetchToLocalCacheEPKv
FNL:6,629,636
FNA:6,0,_ZN6google8protobuf8internal18PoisonMemoryRegionEPKvm
FNL:7,638,645
FNA:7,20,_ZN6google8protobuf8internal20UnpoisonMemoryRegionEPKvm
FNL:8,672,672
FNA:8,1185,_ZN6google8protobuf8internal8TSanReadEPKv
FNL:9,673,673
FNA:9,415,_ZN6google8protobuf8internal9TSanWriteEPKv
FNF:10
FNH:9
DA:141,20
DA:148,20
DA:151,40
DA:157,40
DA:159,40
DA:492,625
DA:494,625
DA:500,1250
DA:501,625
DA:502,625
DA:503,625
DA:531,325
DA:549,950
DA:550,625
DA:551,625
DA:552,325
DA:565,75
DA:571,75
DA:572,75
DA:586,250
DA:592,250
DA:593,250
DA:629,0
DA:636,0
DA:638,20
DA:645,20
DA:672,1185
DA:673,415
LF:28
LH:26
end_of_record
TN:
SF:/opt/homebrew/include/google/protobuf/repeated_field.h
FNL:0,1031,1036
FNA:0,0,_ZN6google8protobuf13RepeatedFieldIdE5ClearEv
FNL:1,1039,1050
FNA:1,0,_ZN6google8protobuf13RepeatedFieldIdE9MergeFromERKS2_
FNL:2,1089,1091
FNA:2,20,_ZNK6google8protobuf13RepeatedFieldIdE4dataEv
FNL:3,1095,1109
FNA:3,0,_ZN6google8protobuf13RepeatedFieldIdE12InternalSwapEPS2_
FNL:4,111,111
FNA:4,40,_ZN6google8protobuf8internal7HeapRepILm8EE8elementsEv
FNL:5,1189,1215
FNA:5,20,_ZN6google8protobuf8internal20CalculateReserveSizeIdLi8EEEiii
FNL:6,1219,1224
FNA:6,0,_ZN6google8protobuf13RepeatedFieldIdE7ReserveEi
FNL:7,1229,1278
FNA:7,20,_ZN6google8protobuf13RepeatedFieldIdE14GrowNoAnnotateEbii
FNL:8,1286,1291
FNA:8,20,_ZN6google8protobuf13RepeatedFieldIdE4GrowEbii
FNL:9,160,164
FNA:9,250,_ZNK6google8protobuf8internal10LongSooRep8elementsEv
FNL:10,172,175
FNA:10,30,_ZN6google8protobuf8internal11ShortSooRepC1EPNS0_5ArenaE
FNA:10,30,_ZN6google8protobuf8internal11ShortSooRepC2EPNS0_5ArenaE
FNL:11,177,177
FNA:11,120,_ZNK6google8protobuf8internal11ShortSooRep4sizeEv
FNL:12,178,186
FNA:12,560,_ZNK6google8protobuf8internal11ShortSooRep6is_sooEv
FNL:13,191,191
FNA:13,30,_ZN6google8protobuf8internal6SooRepC1EPNS0_5ArenaE
FNA:13,30,_ZN6google8protobuf8internal6SooRepC2EPNS0_5ArenaE
FNL:14,193,200
FNA:14,560,_ZNK6google8protobuf8internal6SooRep6is_sooEv
FNL:15,202,204
FNA:15,20,_ZNK6google8protobuf8internal6SooRep9soo_arenaEv
FNL:16,206,212
FNA:16,320,_ZNK6google8protobuf8internal6SooRep4sizeEb
FNL:17,217,226
FNA:17,50,_ZN6google8protobuf8internal6SooRep8set_sizeEbi
FNL:18,229,237
FNA:18,20,_ZN6google8protobuf8internal6SooRep11set_non_sooEbiPv
FNL:19,269,277
FNA:19,60,_ZN6google8protobuf13RepeatedFieldIdE19StaticValidityCheckEv
FNL:20,306,307
FNA:20,30,_ZN6google8protobuf13RepeatedFieldIdEC1ENS0_8internal18InternalVisibilityEPNS0_5ArenaE
FNL:21,308,310
FNA:21,0,_ZN6google8protobuf13RepeatedFieldIdEC1ENS0_8internal18InternalVisibilityEPNS0_5ArenaERKS2_
FNL:22,468,469
FNA:22,20,_ZN6google8protobuf13RepeatedFieldIdE8GetArenaEv
FNL:23,512,513
FNA:23,20,_ZNK6google8protobuf13RepeatedFieldIdE8GetArenaEb
FNL:24,516,516
FNA:24,560,_ZNK6google8protobuf13RepeatedFieldIdE6is_sooEv
FNL:25,517,517
FNA:25,320,_ZNK6google8protobuf13RepeatedFieldIdE4sizeEb
FNL:26,518,523
FNA:26,240,_ZNK6google8protobuf13RepeatedFieldIdE8CapacityEb
FNL:27,528,531
FNA:27,50,_ZN6google8protobuf13RepeatedFieldIdE8set_sizeEbi
FNL:28,543,546
FNA:28,0,_ZN6google8protobuf13RepeatedFieldIdE18UninitializedCopyNEPKdiPd
FNL:29,558,563
FNA:29,30,_ZN6google8protobuf13RepeatedFieldIdE7DestroyEPKdS4_
FNL:30,584,595
FNA:30,150,_ZNK6google8protobuf13RepeatedFieldIdE12AnnotateSizeEii
FNL:31,598,607
FNA:31,50,_ZNK6google8protobuf13RepeatedFieldIdE14UnpoisonBufferEv
FNL:32,613,618
FNA:32,50,_ZN6google8protobuf13RepeatedFieldIdE19ExchangeCurrentSizeEbi
FNL:33,622,624
FNA:33,40,_ZN6google8protobuf13RepeatedFieldIdE8elementsEb
FNL:34,626,627
FNA:34,20,_ZNK6google8protobuf13RepeatedFieldIdE8elementsEb
FNL:35,633,635
FNA:35,320,_ZN6google8protobuf13RepeatedFieldIdE15unsafe_elementsEb
FNL:36,637,638
FNA:36,130,_ZNK6google8protobuf13RepeatedFieldIdE15unsafe_elementsEb
FNL:37,643,645
FNA:37,60,_ZNK6google8protobuf13RepeatedFieldIdE8heap_repEv
FNL:38,651,661
FNA:38,0,_ZN6google8protobuf13RepeatedFieldIdE18InternalDeallocateILb0EEEvv
FNA:38,30,_ZN6google8protobuf13RepeatedFieldIdE18InternalDeallocateILb1EEEvv
FNL:39,689,692
FNA:39,30,_ZN6google8protobuf13RepeatedFieldIdEC1EPNS0_5ArenaE
FNA:39,30,_ZN6google8protobuf13RepeatedFieldIdEC2EPNS0_5ArenaE
FNL:40,695,710
FNA:40,0,_ZN6google8protobuf13RepeatedFieldIdEC1EPNS0_5ArenaERKS2_
FNA:40,0,_ZN6google8protobuf13RepeatedFieldIdEC2EPNS0_5ArenaERKS2_
FNL:41,721,737
FNA:41,30,_ZN6google8protobuf13RepeatedFieldIdED1Ev
FNA:41,30,_ZN6google8protobuf13RepeatedFieldIdED2Ev
FNL:42,779,780
FNA:42,140,_ZNK6google8protobuf13RepeatedFieldIdE4sizeEv
FNL:43,784,785
FNA:43,70,_ZNK6google8protobuf13RepeatedFieldIdE8CapacityEv
FNL:44,845,848
FNA:44,20,_ZNK6google8protobuf13RepeatedFieldIdE3GetEi
FNL:45,880,905
FNA:45,50,_ZN6google8protobuf13RepeatedFieldIdE3AddEd
FNF:46
FNH:39
DA:111,40
DA:160,250
DA:161,250
DA:162,250
DA:163,500
DA:164,250
DA:172,60
DA:173,60
DA:174,30
DA:175,60
DA:177,120
DA:178,560
DA:186,30
DA:191,60
DA:193,560
DA:200,560
DA:202,20
DA:204,20
DA:206,320
DA:207,320
DA:212,320
DA:217,50
DA:218,50
DA:219,50
DA:220,20
DA:221,20
DA:222,20
DA:223,20
DA:224,30
DA:226,50
DA:229,20
DA:230,20
DA:231,20
DA:232,20
DA:234,20
DA:235,20
DA:236,20
DA:237,20
DA:269,60
DA:277,60
DA:306,30
DA:307,30
DA:308,0
DA:310,0
DA:468,20
DA:469,20
DA:512,20
DA:513,20
DA:516,560
DA:517,320
DA:518,240
DA:523,240
DA:528,50
DA:529,50
DA:530,50
DA:531,50
DA:543,0
DA:545,0
DA:546,0
DA:558,30
DA:563,30
DA:584,150
DA:585,150
DA:586,110
DA:587,110
DA:590,110
DA:593,50
DA:594,110
DA:595,150
DA:598,50
DA:599,50
DA:600,50
DA:604,20
DA:606,20
DA:607,50
DA:613,50
DA:614,50
DA:615,50
DA:616,50
DA:617,100
DA:618,50
DA:622,40
DA:623,40
DA:624,40
DA:626,20
DA:627,20
DA:633,320
DA:634,320
DA:635,190
DA:637,130
DA:638,130
DA:643,60
DA:645,60
DA:651,30
DA:653,30
DA:654,30
DA:655,30
DA:656,30
DA:659,0
DA:661,30
DA:689,60
DA:690,30
DA:691,30
DA:692,60
DA:695,0
DA:697,0
DA:698,0
DA:699,0
DA:700,0
DA:701,0
DA:702,0
DA:703,0
DA:704,0
DA:705,0
DA:706,0
DA:707,0
DA:708,0
DA:709,0
DA:710,0
DA:721,60
DA:722,30
DA:723,30
DA:730,30
DA:731,30
DA:732,30
DA:733,30
DA:734,30
DA:735,30
DA:736,30
DA:737,60
DA:779,140
DA:780,140
DA:784,70
DA:785,70
DA:845,20
DA:847,20
DA:848,20
DA:880,50
DA:881,50
DA:882,50
DA:883,50
DA:884,50
DA:885,50
DA:886,20
DA:887,20
DA:888,20
DA:889,20
DA:890,20
DA:891,50
DA:892,50
DA:893,50
DA:897,50
DA:898,50
DA:899,50
DA:900,50
DA:901,50
DA:902,50
DA:903,50
DA:904,50
DA:905,50
DA:1031,0
DA:1032,0
DA:1033,0
DA:1034,0
DA:1035,0
DA:1036,0
DA:1039,0
DA:1040,0
DA:1041,0
DA:1042,0
DA:1043,0
DA:1044,0
DA:1045,0
DA:1046,0
DA:1047,0
DA:1048,0
DA:1049,0
DA:1050,0
DA:1089,20
DA:1091,20
DA:1095,0
DA:1100,0
DA:1101,0
DA:1103,0
DA:1104,0
DA:1105,0
DA:1107,0
DA:1108,0
DA:1109,0
DA:1189,20
DA:1190,20
DA:1192,20
DA:1194,0
DA:1196,20
DA:1198,20
DA:1199,0
DA:1201,20
DA:1213,20
DA:1214,20
DA:1215,20
DA:1219,0
DA:1220,0
DA:1221,0
DA:1222,0
DA:1223,0
DA:1224,0
DA:1229,20
DA:1232,20
DA:1233,20
DA:1234,20
DA:1235,20
DA:1237,20
DA:1238,20
DA:1240,20
DA:1243,0
DA:1244,40
DA:1245,20
DA:1246,20
DA:1247,20
DA:1249,0
DA:1250,20
DA:1251,40
DA:1252,40
DA:1253,20
DA:1254,20
DA:1255,20
DA:1256,20
DA:1257,0
DA:1258,0
DA:1260,20
DA:1262,20
DA:1263,20
DA:1264,20
DA:1267,20
DA:1274,20
DA:1275,20
DA:1277,20
DA:1278,20
DA:1286,20
DA:1288,20
DA:1289,20
DA:1290,20
DA:1291,20
LF:243
LH:183
end_of_record
TN:
SF:/opt/homebrew/include/google/protobuf/repeated_ptr_field.h
FNL:0,1024,1025
FNA:0,10,_ZN6google8protobuf16RepeatedPtrFieldINSt3__112basic_stringIcNS2_11char_traitsIcEENS2_9allocatorIcEEEEEC1ENS0_8internal18InternalVisibilityEPNS0_5ArenaE
FNA:0,10,_ZN6google8protobuf16RepeatedPtrFieldINSt3__112basic_stringIcNS2_11char_traitsIcEENS2_9allocatorIcEEEEEC2ENS0_8internal18InternalVisibilityEPNS0_5ArenaE
FNL:1,1026,1028
FNA:1,0,_ZN6google8protobuf16RepeatedPtrFieldINSt3__112basic_stringIcNS2_11char_traitsIcEENS2_9allocatorIcEEEEEC1ENS0_8internal18InternalVisibilityEPNS0_5ArenaERKS9_
FNL:2,108,116
FNA:2,60,_ZN6google8protobuf8internal21RuntimeAssertInBoundsEii
FNL:3,1299,1301
FNA:3,0,_ZN6google8protobuf16RepeatedPtrFieldINSt3__112basic_stringIcNS2_11char_traitsIcEENS2_9allocatorIcEEEEE12InternalSwapEPS9_
FNL:4,1388,1394
FNA:4,0,_ZN6google8protobuf16RepeatedPtrFieldINSt3__112basic_stringIcNS2_11char_traitsIcEENS2_9allocatorIcEEEEEC1EPNS0_5ArenaERKS9_
FNA:4,0,_ZN6google8protobuf16RepeatedPtrFieldINSt3__112basic_stringIcNS2_11char_traitsIcEENS2_9allocatorIcEEEEEC2EPNS0_5ArenaERKS9_
FNL:5,1404,1412
FNA:5,15,_ZN6google8protobuf16RepeatedPtrFieldINSt3__112basic_stringIcNS2_11char_traitsIcEENS2_9allocatorIcEEEEED1Ev
FNA:5,15,_ZN6google8protobuf16RepeatedPtrFieldINSt3__112basic_stringIcNS2_11char_traitsIcEENS2_9allocatorIcEEEEED2Ev
FNL:6,1452,1453
FNA:6,0,_ZNK6google8protobuf16RepeatedPtrFieldINSt3__112basic_stringIcNS2_11char_traitsIcEENS2_9allocatorIcEEEEE5emptyEv
FNL:7,1457,1458
FNA:7,35,_ZNK6google8protobuf16RepeatedPtrFieldINSt3__112basic_stringIcNS2_11char_traitsIcEENS2_9allocatorIcEEEEE4sizeEv
FNL:8,1462,1464
FNA:8,40,_ZNK6google8protobuf16RepeatedPtrFieldINSt3__112basic_stringIcNS2_11char_traitsIcEENS2_9allocatorIcEEEEE3GetEi
FNL:9,1492,1494
FNA:9,15,_ZN6google8protobuf16RepeatedPtrFieldINSt3__112basic_stringIcNS2_11char_traitsIcEENS2_9allocatorIcEEEEE20InternalAddWithArenaENS0_8internal18InternalVisibilityEPNS0_5ArenaE
FNL:10,1599,1601
FNA:10,0,_ZN6google8protobuf16RepeatedPtrFieldINSt3__112basic_stringIcNS2_11char_traitsIcEENS2_9allocatorIcEEEEE5ClearEv
FNL:11,1611,1615
FNA:11,0,_ZN6google8protobuf16RepeatedPtrFieldINSt3__112basic_stringIcNS2_11char_traitsIcEENS2_9allocatorIcEEEEE26InternalMergeFromWithArenaENS0_8internal18InternalVisibilityEPNS0_5ArenaERKS9_
FNL:12,162,163
FNA:12,10,_ZN6google8protobuf8internal20RepeatedPtrFieldBaseC2EPNS0_5ArenaE
FNL:13,168,176
FNA:13,15,_ZN6google8protobuf8internal20RepeatedPtrFieldBaseD2Ev
FNL:14,178,178
FNA:14,0,_ZNK6google8protobuf8internal20RepeatedPtrFieldBase5emptyEv
FNL:15,179,179
FNA:15,35,_ZNK6google8protobuf8internal20RepeatedPtrFieldBase4sizeEv
FNL:16,186,186
FNA:16,10,_ZNK6google8protobuf8internal20RepeatedPtrFieldBase8CapacityEv
FNL:17,209,210
FNA:17,15,_ZN6google8protobuf8internal20RepeatedPtrFieldBase3AddINS1_18GenericTypeHandlerINSt3__112basic_stringIcNS5_11char_traitsIcEENS5_9allocatorIcEEEEEEEEPNT_4TypeEPNS0_5ArenaE
FNL:18,227,248
FNA:18,15,_ZN6google8protobuf8internal20RepeatedPtrFieldBase7DestroyINS1_18GenericTypeHandlerINSt3__112basic_stringIcNS5_11char_traitsIcEENS5_9allocatorIcEEEEEEEEvv
FNL:19,250,253
FNA:19,15,_ZNK6google8protobuf8internal20RepeatedPtrFieldBase12NeedsDestroyEv
FNL:20,265,278
FNA:20,40,_ZNK6google8protobuf8internal20RepeatedPtrFieldBase3GetINS1_18GenericTypeHandlerINSt3__112basic_stringIcNS5_11char_traitsIcEENS5_9allocatorIcEEEEEEEERKNT_4TypeEi
FNL:21,311,318
FNA:21,0,_ZN6google8protobuf8internal20RepeatedPtrFieldBase5ClearINS1_18GenericTypeHandlerINSt3__112basic_stringIcNS5_11char_traitsIcEENS5_9allocatorIcEEEEEEEEvv
FNL:22,331,337
FNA:22,0,_ZN6google8protobuf8internal20RepeatedPtrFieldBase12InternalSwapEPS2_
FNL:23,540,540
FNA:23,0,_ZNK6google8protobuf8internal20RepeatedPtrFieldBase12ClearedCountEv
FNL:24,572,572
FNA:24,15,_ZNK6google8protobuf8internal20RepeatedPtrFieldBase8GetArenaEv
FNL:25,651,652
FNA:25,15,_ZN6google8protobuf8internal20RepeatedPtrFieldBase19ExchangeCurrentSizeEi
FNL:26,654,658
FNA:26,0,_ZNK6google8protobuf8internal20RepeatedPtrFieldBase14SizeAtCapacityEv
FNL:27,670,671
FNA:27,15,_ZN6google8protobuf8internal20RepeatedPtrFieldBase8elementsEv
FNL:28,674,680
FNA:28,40,_ZN6google8protobuf8internal20RepeatedPtrFieldBase10element_atEi
FNL:29,681,682
FNA:29,40,_ZNK6google8protobuf8internal20RepeatedPtrFieldBase10element_atEi
FNL:30,685,687
FNA:30,15,_ZNK6google8protobuf8internal20RepeatedPtrFieldBase14allocated_sizeEv
FNL:31,689,692
FNA:31,75,_ZN6google8protobuf8internal20RepeatedPtrFieldBase3repEv
FNL:32,694,695
FNA:32,20,_ZNK6google8protobuf8internal20RepeatedPtrFieldBase3repEv
FNL:33,698,699
FNA:33,100,_ZNK6google8protobuf8internal20RepeatedPtrFieldBase9using_ssoEv
FNL:34,703,704
FNA:34,40,_ZN6google8protobuf8internal20RepeatedPtrFieldBase4castINS1_18GenericTypeHandlerINSt3__112basic_stringIcNS5_11char_traitsIcEENS5_9allocatorIcEEEEEEEEPNT_4TypeEPv
FNL:35,707,708
FNA:35,40,_ZN6google8protobuf8internal20RepeatedPtrFieldBase4castINS1_18GenericTypeHandlerINSt3__112basic_stringIcNS5_11char_traitsIcEENS5_9allocatorIcEEEEEEEEPKNT_4TypeEPKv
FNL:36,711,713
FNA:36,25,_ZN6google8protobuf8internal20RepeatedPtrFieldBase6DeleteINS1_18GenericTypeHandlerINSt3__112basic_stringIcNS5_11char_traitsIcEENS5_9allocatorIcEEEEEEEEvPvPNS0_5ArenaE
FNL:37,718,778
FNA:37,0,_ZN6google8protobuf8internal20RepeatedPtrFieldBase13ClearNonEmptyINS1_18GenericTypeHandlerINSt3__112basic_stringIcNS5_11char_traitsIcEENS5_9allocatorIcEEEEEEEEvv
FNL:38,79,83
FNA:38,0,_ZN6google8protobuf8internal7memswapILm16EEEvPcS3_
FNA:38,0,_ZN6google8protobuf8internal7memswapILm28EEEvPcS3_
FNA:38,55,_ZN6google8protobuf8internal7memswapILm8EEEvPcS3_
FNL:39,801,835
FNA:39,15,_ZN6google8protobuf8internal20RepeatedPtrFieldBase11AddInternalEPNS0_5ArenaEN4absl12lts_2025081411FunctionRefIFvS4_RPvEEE
FNL:40,943,943
FNA:40,15,_ZN6google8protobuf8internal18GenericTypeHandlerINSt3__112basic_stringIcNS3_11char_traitsIcEENS3_9allocatorIcEEEEE10GetNewFuncEv
FNL:41,944,944
FNA:41,15,_ZZN6google8protobuf8internal18GenericTypeHandlerINSt3__112basic_stringIcNS3_11char_traitsIcEENS3_9allocatorIcEEEEE10GetNewFuncEvENKUlPNS0_5ArenaERPvE_clESC_SE_
FNL:42,958,962
FNA:42,25,_ZN6google8protobuf8internal18GenericTypeHandlerINSt3__112basic_stringIcNS3_11char_traitsIcEENS3_9allocatorIcEEEEE6DeleteEPS9_PNS0_5ArenaE
FNL:43,963,963
FNA:43,0,_ZN6google8protobuf8internal18GenericTypeHandlerINSt3__112basic_stringIcNS3_11char_traitsIcEENS3_9allocatorIcEEEEE5ClearEPS9_
FNL:44,991,999
FNA:44,15,_ZN6google8protobuf16RepeatedPtrFieldINSt3__112basic_stringIcNS2_11char_traitsIcEENS2_9allocatorIcEEEEE19StaticValidityCheckEv
FNF:45
FNH:32
DA:79,55
DA:82,55
DA:83,55
DA:108,60
DA:114,60
DA:115,60
DA:116,60
DA:162,10
DA:163,20
DA:168,15
DA:176,15
DA:178,0
DA:179,35
DA:186,10
DA:209,15
DA:210,15
DA:227,15
DA:232,15
DA:235,15
DA:236,15
DA:237,15
DA:238,40
DA:239,25
DA:240,0
DA:241,0
DA:242,25
DA:243,25
DA:244,15
DA:245,20
DA:246,10
DA:247,10
DA:248,15
DA:250,15
DA:253,15
DA:265,40
DA:277,40
DA:278,40
DA:311,0
DA:312,0
DA:313,0
DA:314,0
DA:316,0
DA:317,0
DA:318,0
DA:331,0
DA:335,0
DA:336,0
DA:337,0
DA:540,0
DA:572,15
DA:651,15
DA:652,15
DA:654,0
DA:656,0
DA:657,0
DA:658,0
DA:670,15
DA:671,15
DA:674,40
DA:675,40
DA:676,10
DA:677,10
DA:679,30
DA:680,40
DA:681,40
DA:682,40
DA:685,15
DA:686,15
DA:687,10
DA:689,75
DA:691,75
DA:692,75
DA:694,20
DA:695,20
DA:698,100
DA:699,100
DA:703,40
DA:704,40
DA:707,40
DA:708,40
DA:711,25
DA:712,25
DA:713,25
DA:718,0
DA:719,0
DA:720,0
DA:721,0
DA:722,0
DA:724,0
DA:725,0
DA:726,0
DA:727,0
DA:728,0
DA:778,10
DA:801,15
DA:803,15
DA:804,15
DA:805,10
DA:806,10
DA:807,10
DA:809,5
DA:810,5
DA:811,5
DA:812,0
DA:813,0
DA:815,5
DA:816,5
DA:817,5
DA:818,5
DA:819,5
DA:820,5
DA:821,5
DA:822,0
DA:823,0
DA:824,0
DA:825,0
DA:826,0
DA:827,0
DA:828,0
DA:831,0
DA:832,0
DA:833,0
DA:834,0
DA:835,15
DA:943,15
DA:944,30
DA:958,25
DA:959,25
DA:960,25
DA:961,25
DA:962,25
DA:963,0
DA:991,15
DA:999,15
DA:1024,20
DA:1025,20
DA:1026,0
DA:1028,0
DA:1299,0
DA:1300,0
DA:1301,0
DA:1388,0
DA:1390,0
DA:1391,0
DA:1392,0
DA:1393,0
DA:1394,0
DA:1404,30
DA:1405,15
DA:1406,15
DA:1410,15
DA:1412,30
DA:1452,0
DA:1453,0
DA:1457,35
DA:1458,35
DA:1462,40
DA:1464,40
DA:1492,15
DA:1494,15
DA:1599,0
DA:1600,0
DA:1601,0
DA:1611,0
DA:1613,0
DA:1614,0
DA:1615,0
LF:167
LH:104
end_of_record
TN:
SF:/opt/homebrew/include/google/protobuf/serial_arena.h
FNL:0,150,197
FNA:0,0,_ZN6google8protobuf8internal11SerialArena17ReturnArrayMemoryEPvm
FNF:1
FNH:0
DA:150,0
DA:157,0
DA:163,0
DA:165,0
DA:169,0
DA:170,0
DA:172,0
DA:173,0
DA:177,0
DA:178,0
DA:179,0
DA:181,0
DA:183,0
DA:186,0
DA:187,0
DA:190,0
DA:192,0
DA:193,0
DA:194,0
DA:195,0
DA:196,0
DA:197,0
LF:22
LH:0
end_of_record
TN:
SF:/opt/homebrew/include/google/protobuf/thread_safe_arena.h
FNL:0,177,187
FNA:0,0,_ZN6google8protobuf8internal15ThreadSafeArena18GetSerialArenaFastEPPNS1_11SerialArenaE
FNL:1,261,261
FNA:1,0,_ZN6google8protobuf8internal15ThreadSafeArena12thread_cacheEv
FNL:2,79,84
FNA:2,0,_ZN6google8protobuf8internal15ThreadSafeArena17ReturnArrayMemoryEPvm
FNF:3
FNH:0
DA:79,0
DA:80,0
DA:81,0
DA:82,0
DA:83,0
DA:84,0
DA:177,0
DA:181,0
DA:182,0
DA:183,0
DA:184,0
DA:186,0
DA:187,0
DA:261,0
LF:14
LH:0
end_of_record
TN:
SF:/opt/homebrew/include/google/protobuf/unknown_field_set.h
FNL:0,325,328
FNA:0,0,_ZN6google8protobuf15UnknownFieldSet16default_instanceEv
FNF:1
FNH:0
DA:325,0
DA:328,0
LF:2
LH:0
end_of_record
TN:
SF:/opt/homebrew/include/google/protobuf/wire_format_lite.h
FNL:0,1262,1265
FNA:0,120,_ZN6google8protobuf8internal14WireFormatLite15WriteTagToArrayEiNS2_8WireTypeEPh
FNL:1,1268,1270
FNA:1,10,_ZN6google8protobuf8internal14WireFormatLite22WriteInt32NoTagToArrayEiPh
FNL:2,1277,1279
FNA:2,45,_ZN6google8protobuf8internal14WireFormatLite23WriteUInt32NoTagToArrayEjPh
FNL:3,1318,1321
FNA:3,30,_ZN6google8protobuf8internal14WireFormatLite23WriteDoubleNoTagToArrayEdPh
FNL:4,1327,1329
FNA:4,35,_ZN6google8protobuf8internal14WireFormatLite21WriteEnumNoTagToArrayEiPh
FNL:5,1367,1371
FNA:5,10,_ZN6google8protobuf8internal14WireFormatLite17WriteInt32ToArrayEiiPh
FNL:6,1379,1383
FNA:6,45,_ZN6google8protobuf8internal14WireFormatLite18WriteUInt32ToArrayEijPh
FNL:7,1432,1436
FNA:7,30,_ZN6google8protobuf8internal14WireFormatLite18WriteDoubleToArrayEidPh
FNL:8,1443,1446
FNA:8,35,_ZN6google8protobuf8internal14WireFormatLite16WriteEnumToArrayEiiPh
FNL:9,1512,1513
FNA:9,20,_ZN6google8protobuf8internal14WireFormatLite9Int32SizeEi
FNL:10,1530,1531
FNA:10,35,_ZN6google8protobuf8internal14WireFormatLite8EnumSizeEi
FNL:11,1533,1534
FNA:11,10,_ZN6google8protobuf8internal14WireFormatLite16Int32SizePlusOneEi
FNL:12,1540,1541
FNA:12,45,_ZN6google8protobuf8internal14WireFormatLite17UInt32SizePlusOneEj
FNL:13,1556,1557
FNA:13,60,_ZN6google8protobuf8internal14WireFormatLite10StringSizeERKNSt3__112basic_stringIcNS3_11char_traitsIcEENS3_9allocatorIcEEEE
FNL:14,1559,1560
FNA:14,25,_ZN6google8protobuf8internal14WireFormatLite9BytesSizeERKNSt3__112basic_stringIcNS3_11char_traitsIcEENS3_9allocatorIcEEEE
FNL:15,1586,1587
FNA:15,10,_ZN6google8protobuf8internal14WireFormatLite11MessageSizeIN8palantir12CapabilitiesEEEmRKT_
FNL:16,1590,1596
FNA:16,70,_ZN6google8protobuf8internal14WireFormatLite19LengthDelimitedSizeEm
FNL:17,482,486
FNA:17,10,_ZN6google8protobuf8internal14WireFormatLite26WriteInt32ToArrayWithFieldILi4EEEPhPNS0_2io19EpsCopyOutputStreamEiS4_
FNL:18,719,721
FNA:18,120,_ZN6google8protobuf8internal14WireFormatLite7MakeTagEiNS2_8WireTypeE
FNL:19,752,753
FNA:19,30,_ZN6google8protobuf8internal14WireFormatLite12EncodeDoubleEd
FNF:20
FNH:20
DA:482,10
DA:485,10
DA:486,10
DA:719,120
DA:721,120
DA:752,30
DA:753,30
DA:1262,120
DA:1264,240
DA:1265,120
DA:1268,10
DA:1270,10
DA:1277,45
DA:1279,45
DA:1318,30
DA:1320,60
DA:1321,30
DA:1327,35
DA:1329,35
DA:1367,10
DA:1370,10
DA:1371,10
DA:1379,45
DA:1382,45
DA:1383,45
DA:1432,30
DA:1435,30
DA:1436,30
DA:1443,35
DA:1445,35
DA:1446,35
DA:1512,20
DA:1513,20
DA:1530,35
DA:1531,35
DA:1533,10
DA:1534,10
DA:1540,45
DA:1541,45
DA:1556,60
DA:1557,60
DA:1559,25
DA:1560,25
DA:1586,10
DA:1587,10
DA:1590,70
DA:1595,140
DA:1596,70
LF:48
LH:48
end_of_record
